Thu Jan  7 20:31:05 EST 2021

Thu Jan  7 20:31:06 EST 2021 1 reboot
Domain nfs-vm is being rebooted

Thu Jan  7 20:31:29 EST 2021 2 reboot
Domain nfs-vm is being rebooted

Thu Jan  7 20:31:55 EST 2021 3 reboot
Domain nfs-vm is being rebooted

Thu Jan  7 20:32:40 EST 2021 4 reboot
Domain nfs-vm is being rebooted

Thu Jan  7 20:33:25 EST 2021 5 reboot
Domain nfs-vm is being rebooted

Thu Jan  7 20:33:48 EST 2021 6 reboot
Domain nfs-vm is being rebooted

Thu Jan  7 20:34:33 EST 2021 7 reboot
Domain nfs-vm is being rebooted

Thu Jan  7 20:35:19 EST 2021 8 reboot
Domain nfs-vm is being rebooted

Thu Jan  7 20:35:42 EST 2021 9 reboot
Domain nfs-vm is being rebooted

Thu Jan  7 20:36:06 EST 2021 10 reboot
Domain nfs-vm is being rebooted

Thu Jan  7 20:37:55 EST 2021 11 reboot
Domain nfs-vm is being rebooted

Thu Jan  7 20:38:42 EST 2021 12 reboot
Domain nfs-vm is being rebooted

Thu Jan  7 20:39:06 EST 2021 13 reboot
Domain nfs-vm is being rebooted

Thu Jan  7 20:39:51 EST 2021 14 reboot
Domain nfs-vm is being rebooted

Thu Jan  7 20:40:14 EST 2021 15 reboot
Domain nfs-vm is being rebooted

Thu Jan  7 20:40:59 EST 2021 16 reboot
Domain nfs-vm is being rebooted

Thu Jan  7 20:41:44 EST 2021 17 reboot
Domain nfs-vm is being rebooted

Thu Jan  7 20:42:08 EST 2021 18 reboot
Domain nfs-vm is being rebooted

Thu Jan  7 20:42:52 EST 2021 19 reboot
Domain nfs-vm is being rebooted

Thu Jan  7 20:43:37 EST 2021 20 reboot
Domain nfs-vm is being rebooted

Thu Jan  7 20:43:58 EST 2021 21 reboot
Domain nfs-vm is being rebooted

Thu Jan  7 20:44:21 EST 2021 22 reboot
Domain nfs-vm is being rebooted

Thu Jan  7 20:44:45 EST 2021 23 reboot
Domain nfs-vm is being rebooted

Thu Jan  7 20:45:30 EST 2021 24 reboot
Domain nfs-vm is being rebooted

Thu Jan  7 20:46:15 EST 2021 25 reboot
Domain nfs-vm is being rebooted

Thu Jan  7 20:47:00 EST 2021 26 reboot
Domain nfs-vm is being rebooted

Thu Jan  7 20:47:24 EST 2021 27 reboot
Domain nfs-vm is being rebooted

Thu Jan  7 20:48:09 EST 2021 28 reboot
Domain nfs-vm is being rebooted

Thu Jan  7 20:48:33 EST 2021 29 reboot
Domain nfs-vm is being rebooted

Thu Jan  7 20:48:56 EST 2021 30 reboot
Domain nfs-vm is being rebooted

Thu Jan  7 20:49:41 EST 2021 31 reboot
Domain nfs-vm is being rebooted

Thu Jan  7 20:50:02 EST 2021 32 reboot
Domain nfs-vm is being rebooted

Thu Jan  7 20:50:47 EST 2021 33 reboot
Domain nfs-vm is being rebooted

Thu Jan  7 20:51:11 EST 2021 34 reboot
Domain nfs-vm is being rebooted

Thu Jan  7 20:51:35 EST 2021 35 reboot
Domain nfs-vm is being rebooted

Thu Jan  7 20:52:20 EST 2021 36 reboot
Domain nfs-vm is being rebooted

Thu Jan  7 20:52:47 EST 2021 37 reboot
Domain nfs-vm is being rebooted

Thu Jan  7 20:53:32 EST 2021 38 reboot
Domain nfs-vm is being rebooted

Thu Jan  7 20:53:56 EST 2021 39 reboot
Domain nfs-vm is being rebooted

Thu Jan  7 20:54:41 EST 2021 40 reboot
Domain nfs-vm is being rebooted

Thu Jan  7 20:55:26 EST 2021 41 reboot
Domain nfs-vm is being rebooted

Thu Jan  7 20:56:11 EST 2021 42 reboot
Domain nfs-vm is being rebooted

Thu Jan  7 20:56:31 EST 2021 43 reboot
Domain nfs-vm is being rebooted

Thu Jan  7 20:57:16 EST 2021 44 reboot
Domain nfs-vm is being rebooted

Thu Jan  7 20:57:40 EST 2021 45 reboot
Domain nfs-vm is being rebooted

Thu Jan  7 20:58:25 EST 2021 46 reboot
Domain nfs-vm is being rebooted

Thu Jan  7 20:58:49 EST 2021 47 reboot
Domain nfs-vm is being rebooted

Thu Jan  7 20:59:13 EST 2021 48 reboot
Domain nfs-vm is being rebooted

Thu Jan  7 20:59:58 EST 2021 49 reboot
Domain nfs-vm is being rebooted

Thu Jan  7 21:00:43 EST 2021 50 reboot
Domain nfs-vm is being rebooted

Thu Jan  7 21:01:06 EST 2021 51 reboot
Domain nfs-vm is being rebooted

Thu Jan  7 21:01:51 EST 2021 52 reboot
Domain nfs-vm is being rebooted

Thu Jan  7 21:02:12 EST 2021 53 reboot
Domain nfs-vm is being rebooted

Thu Jan  7 21:02:56 EST 2021 54 reboot
Domain nfs-vm is being rebooted

Thu Jan  7 21:03:42 EST 2021 55 reboot
Domain nfs-vm is being rebooted

Thu Jan  7 21:05:30 EST 2021 56 reboot
Domain nfs-vm is being rebooted

Thu Jan  7 21:06:17 EST 2021 57 reboot
Domain nfs-vm is being rebooted

Thu Jan  7 21:07:02 EST 2021 58 reboot
Domain nfs-vm is being rebooted

Thu Jan  7 21:07:26 EST 2021 59 reboot
Domain nfs-vm is being rebooted

Thu Jan  7 21:07:50 EST 2021 60 reboot
Domain nfs-vm is being rebooted

Thu Jan  7 21:08:35 EST 2021 61 reboot
Domain nfs-vm is being rebooted

Thu Jan  7 21:09:19 EST 2021 62 reboot
Domain nfs-vm is being rebooted

Thu Jan  7 21:10:04 EST 2021 63 reboot
Domain nfs-vm is being rebooted

Thu Jan  7 21:10:49 EST 2021 64 reboot
Domain nfs-vm is being rebooted

Thu Jan  7 21:11:35 EST 2021 65 reboot
Domain nfs-vm is being rebooted

Thu Jan  7 21:11:58 EST 2021 66 reboot
Domain nfs-vm is being rebooted

Thu Jan  7 21:12:22 EST 2021 67 reboot
Domain nfs-vm is being rebooted

Thu Jan  7 21:13:07 EST 2021 68 reboot
Domain nfs-vm is being rebooted

Thu Jan  7 21:13:53 EST 2021 69 reboot
Domain nfs-vm is being rebooted

Thu Jan  7 21:14:14 EST 2021 70 reboot
Domain nfs-vm is being rebooted

Thu Jan  7 21:14:59 EST 2021 71 reboot
Domain nfs-vm is being rebooted

Thu Jan  7 21:15:23 EST 2021 72 reboot
Domain nfs-vm is being rebooted

Thu Jan  7 21:16:09 EST 2021 73 reboot
Domain nfs-vm is being rebooted

Thu Jan  7 21:16:33 EST 2021 74 reboot
Domain nfs-vm is being rebooted

Thu Jan  7 21:16:58 EST 2021 75 reboot
Domain nfs-vm is being rebooted

Thu Jan  7 21:17:22 EST 2021 76 reboot
Domain nfs-vm is being rebooted

Thu Jan  7 21:17:46 EST 2021 77 reboot
Domain nfs-vm is being rebooted

Thu Jan  7 21:18:10 EST 2021 78 reboot
Domain nfs-vm is being rebooted

Thu Jan  7 21:18:34 EST 2021 79 reboot
Domain nfs-vm is being rebooted

Thu Jan  7 21:19:19 EST 2021 80 reboot
Domain nfs-vm is being rebooted

Thu Jan  7 21:20:05 EST 2021 81 reboot
Domain nfs-vm is being rebooted

Thu Jan  7 21:20:50 EST 2021 82 reboot
Domain nfs-vm is being rebooted

Thu Jan  7 21:21:34 EST 2021 83 reboot
Domain nfs-vm is being rebooted

Thu Jan  7 21:22:20 EST 2021 84 reboot
Domain nfs-vm is being rebooted

Thu Jan  7 21:23:05 EST 2021 85 reboot
Domain nfs-vm is being rebooted

Thu Jan  7 21:23:50 EST 2021 86 reboot
Domain nfs-vm is being rebooted

Thu Jan  7 21:24:13 EST 2021 87 reboot
Domain nfs-vm is being rebooted

Thu Jan  7 21:24:35 EST 2021 88 reboot
Domain nfs-vm is being rebooted

Thu Jan  7 21:25:20 EST 2021 89 reboot
Domain nfs-vm is being rebooted

Thu Jan  7 21:26:05 EST 2021 90 reboot
Domain nfs-vm is being rebooted

Thu Jan  7 21:26:29 EST 2021 91 reboot
Domain nfs-vm is being rebooted

Thu Jan  7 21:27:14 EST 2021 92 reboot
Domain nfs-vm is being rebooted

Thu Jan  7 21:28:00 EST 2021 93 reboot
Domain nfs-vm is being rebooted

Thu Jan  7 21:28:24 EST 2021 94 reboot
Domain nfs-vm is being rebooted

Thu Jan  7 21:28:48 EST 2021 95 reboot
Domain nfs-vm is being rebooted

Thu Jan  7 21:29:33 EST 2021 96 reboot
Domain nfs-vm is being rebooted

Thu Jan  7 21:29:57 EST 2021 97 reboot
Domain nfs-vm is being rebooted

Thu Jan  7 21:30:43 EST 2021 98 reboot
Domain nfs-vm is being rebooted

Thu Jan  7 21:31:28 EST 2021 99 reboot
Domain nfs-vm is being rebooted

Thu Jan  7 21:32:13 EST 2021 100 reboot
Domain nfs-vm is being rebooted

Thu Jan  7 21:32:37 EST 2021 101 reboot
Domain nfs-vm is being rebooted

Thu Jan  7 21:33:23 EST 2021 102 reboot
Domain nfs-vm is being rebooted

Thu Jan  7 21:33:43 EST 2021 103 reboot
Domain nfs-vm is being rebooted

Thu Jan  7 21:34:04 EST 2021 104 reboot
Domain nfs-vm is being rebooted

Thu Jan  7 21:34:27 EST 2021 105 reboot
Domain nfs-vm is being rebooted

Thu Jan  7 21:35:12 EST 2021 106 reboot
Domain nfs-vm is being rebooted

Thu Jan  7 21:35:57 EST 2021 107 reboot
Domain nfs-vm is being rebooted

Thu Jan  7 21:36:43 EST 2021 108 reboot
Domain nfs-vm is being rebooted

Thu Jan  7 21:37:28 EST 2021 109 reboot
Domain nfs-vm is being rebooted

Thu Jan  7 21:37:52 EST 2021 110 reboot
Domain nfs-vm is being rebooted

Thu Jan  7 21:38:37 EST 2021 111 reboot
Domain nfs-vm is being rebooted

Thu Jan  7 21:39:22 EST 2021 112 reboot
Domain nfs-vm is being rebooted

Thu Jan  7 21:39:42 EST 2021 113 reboot
Domain nfs-vm is being rebooted

Thu Jan  7 21:40:27 EST 2021 114 reboot
Domain nfs-vm is being rebooted

Thu Jan  7 21:40:51 EST 2021 115 reboot
Domain nfs-vm is being rebooted

Thu Jan  7 21:41:36 EST 2021 116 reboot
Domain nfs-vm is being rebooted

Thu Jan  7 21:41:59 EST 2021 117 reboot
Domain nfs-vm is being rebooted

Thu Jan  7 21:42:20 EST 2021 118 reboot
Domain nfs-vm is being rebooted

Thu Jan  7 21:42:43 EST 2021 119 reboot
Domain nfs-vm is being rebooted

Thu Jan  7 21:43:04 EST 2021 120 reboot
Domain nfs-vm is being rebooted

Thu Jan  7 21:43:28 EST 2021 121 reboot
Domain nfs-vm is being rebooted

Thu Jan  7 21:43:52 EST 2021 122 reboot
Domain nfs-vm is being rebooted

Thu Jan  7 21:44:15 EST 2021 123 reboot
Domain nfs-vm is being rebooted

Thu Jan  7 21:44:39 EST 2021 124 reboot
Domain nfs-vm is being rebooted

Thu Jan  7 21:45:03 EST 2021 125 reboot
Domain nfs-vm is being rebooted

Thu Jan  7 21:45:24 EST 2021 126 reboot
Domain nfs-vm is being rebooted

Thu Jan  7 21:45:47 EST 2021 127 reboot
Domain nfs-vm is being rebooted

Thu Jan  7 21:46:32 EST 2021 128 reboot
Domain nfs-vm is being rebooted

Thu Jan  7 21:47:17 EST 2021 129 reboot
Domain nfs-vm is being rebooted

Thu Jan  7 21:47:41 EST 2021 130 reboot
Domain nfs-vm is being rebooted

Thu Jan  7 21:48:26 EST 2021 131 reboot
Domain nfs-vm is being rebooted

Thu Jan  7 21:48:50 EST 2021 132 reboot
Domain nfs-vm is being rebooted

Thu Jan  7 21:49:35 EST 2021 133 reboot
Domain nfs-vm is being rebooted

Thu Jan  7 21:49:55 EST 2021 134 reboot
Domain nfs-vm is being rebooted

Thu Jan  7 21:50:40 EST 2021 135 reboot
Domain nfs-vm is being rebooted

Thu Jan  7 21:51:04 EST 2021 136 reboot
Domain nfs-vm is being rebooted

Thu Jan  7 21:51:49 EST 2021 137 reboot
Domain nfs-vm is being rebooted

Thu Jan  7 21:52:34 EST 2021 138 reboot
Domain nfs-vm is being rebooted

Thu Jan  7 21:53:19 EST 2021 139 reboot
Domain nfs-vm is being rebooted

Thu Jan  7 21:54:03 EST 2021 140 reboot
Domain nfs-vm is being rebooted

Thu Jan  7 21:54:27 EST 2021 141 reboot
Domain nfs-vm is being rebooted

Thu Jan  7 21:54:51 EST 2021 142 reboot
Domain nfs-vm is being rebooted

Thu Jan  7 21:55:36 EST 2021 143 reboot
Domain nfs-vm is being rebooted

Thu Jan  7 21:55:59 EST 2021 144 reboot
Domain nfs-vm is being rebooted

Thu Jan  7 21:56:44 EST 2021 145 reboot
Domain nfs-vm is being rebooted

Thu Jan  7 21:57:29 EST 2021 146 reboot
Domain nfs-vm is being rebooted

Thu Jan  7 21:58:14 EST 2021 147 reboot
Domain nfs-vm is being rebooted

Thu Jan  7 21:58:59 EST 2021 148 reboot
Domain nfs-vm is being rebooted

Thu Jan  7 21:59:23 EST 2021 149 reboot
Domain nfs-vm is being rebooted

Thu Jan  7 22:00:07 EST 2021 150 reboot
Domain nfs-vm is being rebooted

Thu Jan  7 22:00:31 EST 2021 151 reboot
Domain nfs-vm is being rebooted

Thu Jan  7 22:00:52 EST 2021 152 reboot
Domain nfs-vm is being rebooted

Thu Jan  7 22:01:12 EST 2021 153 reboot
Domain nfs-vm is being rebooted

Thu Jan  7 22:01:57 EST 2021 154 reboot
Domain nfs-vm is being rebooted

Thu Jan  7 22:02:21 EST 2021 155 reboot
Domain nfs-vm is being rebooted

Thu Jan  7 22:03:06 EST 2021 156 reboot
Domain nfs-vm is being rebooted

Thu Jan  7 22:03:30 EST 2021 157 reboot
Domain nfs-vm is being rebooted

Thu Jan  7 22:03:53 EST 2021 158 reboot
Domain nfs-vm is being rebooted

Thu Jan  7 22:04:17 EST 2021 159 reboot
Domain nfs-vm is being rebooted

Thu Jan  7 22:05:02 EST 2021 160 reboot
Domain nfs-vm is being rebooted

Thu Jan  7 22:05:47 EST 2021 161 reboot
Domain nfs-vm is being rebooted

Thu Jan  7 22:06:32 EST 2021 162 reboot
Domain nfs-vm is being rebooted

Thu Jan  7 22:07:18 EST 2021 163 reboot
Domain nfs-vm is being rebooted

Thu Jan  7 22:07:41 EST 2021 164 reboot
Domain nfs-vm is being rebooted

Thu Jan  7 22:08:02 EST 2021 165 reboot
Domain nfs-vm is being rebooted

Thu Jan  7 22:08:47 EST 2021 166 reboot
Domain nfs-vm is being rebooted

Thu Jan  7 22:09:10 EST 2021 167 reboot
Domain nfs-vm is being rebooted

Thu Jan  7 22:09:55 EST 2021 168 reboot
Domain nfs-vm is being rebooted

Thu Jan  7 22:10:19 EST 2021 169 reboot
Domain nfs-vm is being rebooted

Thu Jan  7 22:10:43 EST 2021 170 reboot
Domain nfs-vm is being rebooted

Thu Jan  7 22:11:06 EST 2021 171 reboot
Domain nfs-vm is being rebooted

Thu Jan  7 22:11:51 EST 2021 172 reboot
Domain nfs-vm is being rebooted

Thu Jan  7 22:12:11 EST 2021 173 reboot
Domain nfs-vm is being rebooted

Thu Jan  7 22:12:35 EST 2021 174 reboot
Domain nfs-vm is being rebooted

Thu Jan  7 22:13:20 EST 2021 175 reboot
Domain nfs-vm is being rebooted

Thu Jan  7 22:14:05 EST 2021 176 reboot
Domain nfs-vm is being rebooted

Thu Jan  7 22:14:29 EST 2021 177 reboot
Domain nfs-vm is being rebooted

Thu Jan  7 22:14:53 EST 2021 178 reboot
Domain nfs-vm is being rebooted

Thu Jan  7 22:15:38 EST 2021 179 reboot
Domain nfs-vm is being rebooted

Thu Jan  7 22:16:02 EST 2021 180 reboot
Domain nfs-vm is being rebooted

Thu Jan  7 22:16:27 EST 2021 181 reboot
Domain nfs-vm is being rebooted

Thu Jan  7 22:16:51 EST 2021 182 reboot
Domain nfs-vm is being rebooted

Thu Jan  7 22:17:15 EST 2021 183 reboot
Domain nfs-vm is being rebooted

Thu Jan  7 22:17:40 EST 2021 184 reboot
Domain nfs-vm is being rebooted

Thu Jan  7 22:18:25 EST 2021 185 reboot
Domain nfs-vm is being rebooted

Thu Jan  7 22:19:10 EST 2021 186 reboot
Domain nfs-vm is being rebooted

Thu Jan  7 22:19:55 EST 2021 187 reboot
Domain nfs-vm is being rebooted

Thu Jan  7 22:20:41 EST 2021 188 reboot
Domain nfs-vm is being rebooted

Thu Jan  7 22:21:26 EST 2021 189 reboot
Domain nfs-vm is being rebooted

Thu Jan  7 22:23:15 EST 2021 190 reboot
Domain nfs-vm is being rebooted

Thu Jan  7 22:23:41 EST 2021 191 reboot
Domain nfs-vm is being rebooted

Thu Jan  7 22:24:26 EST 2021 192 reboot
Domain nfs-vm is being rebooted

Thu Jan  7 22:24:50 EST 2021 193 reboot
Domain nfs-vm is being rebooted

Thu Jan  7 22:25:36 EST 2021 194 reboot
Domain nfs-vm is being rebooted

Thu Jan  7 22:26:21 EST 2021 195 reboot
Domain nfs-vm is being rebooted

Thu Jan  7 22:26:45 EST 2021 196 reboot
Domain nfs-vm is being rebooted

Thu Jan  7 22:27:31 EST 2021 197 reboot
Domain nfs-vm is being rebooted

Thu Jan  7 22:27:55 EST 2021 198 reboot
Domain nfs-vm is being rebooted

Thu Jan  7 22:28:19 EST 2021 199 reboot
Domain nfs-vm is being rebooted

Thu Jan  7 22:28:43 EST 2021 200 reboot
Domain nfs-vm is being rebooted

Thu Jan  7 22:29:29 EST 2021 201 reboot
Domain nfs-vm is being rebooted

Thu Jan  7 22:30:14 EST 2021 202 reboot
Domain nfs-vm is being rebooted

Thu Jan  7 22:30:38 EST 2021 203 reboot
Domain nfs-vm is being rebooted

Thu Jan  7 22:31:23 EST 2021 204 reboot
Domain nfs-vm is being rebooted

Thu Jan  7 22:32:08 EST 2021 205 reboot
Domain nfs-vm is being rebooted

Thu Jan  7 22:32:54 EST 2021 206 reboot
Domain nfs-vm is being rebooted

Thu Jan  7 22:33:38 EST 2021 207 reboot
Domain nfs-vm is being rebooted

Thu Jan  7 22:34:24 EST 2021 208 reboot
Domain nfs-vm is being rebooted

Thu Jan  7 22:35:09 EST 2021 209 reboot
Domain nfs-vm is being rebooted

Thu Jan  7 22:35:54 EST 2021 210 reboot
Domain nfs-vm is being rebooted

Thu Jan  7 22:36:15 EST 2021 211 reboot
Domain nfs-vm is being rebooted

Thu Jan  7 22:36:35 EST 2021 212 reboot
Domain nfs-vm is being rebooted

Thu Jan  7 22:36:56 EST 2021 213 reboot
Domain nfs-vm is being rebooted

Thu Jan  7 22:37:41 EST 2021 214 reboot
Domain nfs-vm is being rebooted

Thu Jan  7 22:38:02 EST 2021 215 reboot
Domain nfs-vm is being rebooted

Thu Jan  7 22:38:48 EST 2021 216 reboot
Domain nfs-vm is being rebooted

Thu Jan  7 22:39:33 EST 2021 217 reboot
Domain nfs-vm is being rebooted

Thu Jan  7 22:39:56 EST 2021 218 reboot
Domain nfs-vm is being rebooted

Thu Jan  7 22:40:42 EST 2021 219 reboot
Domain nfs-vm is being rebooted

Thu Jan  7 22:41:06 EST 2021 220 reboot
Domain nfs-vm is being rebooted

Thu Jan  7 22:41:27 EST 2021 221 reboot
Domain nfs-vm is being rebooted

Thu Jan  7 22:42:11 EST 2021 222 reboot
Domain nfs-vm is being rebooted

Thu Jan  7 22:42:56 EST 2021 223 reboot
Domain nfs-vm is being rebooted

Thu Jan  7 22:43:20 EST 2021 224 reboot
Domain nfs-vm is being rebooted

Thu Jan  7 22:43:44 EST 2021 225 reboot
Domain nfs-vm is being rebooted

Thu Jan  7 22:44:08 EST 2021 226 reboot
Domain nfs-vm is being rebooted

Thu Jan  7 22:44:53 EST 2021 227 reboot
Domain nfs-vm is being rebooted

Thu Jan  7 22:45:13 EST 2021 228 reboot
Domain nfs-vm is being rebooted

Thu Jan  7 22:45:37 EST 2021 229 reboot
Domain nfs-vm is being rebooted

Thu Jan  7 22:46:22 EST 2021 230 reboot
Domain nfs-vm is being rebooted

Thu Jan  7 22:46:45 EST 2021 231 reboot
Domain nfs-vm is being rebooted

Thu Jan  7 22:47:30 EST 2021 232 reboot
Domain nfs-vm is being rebooted

Thu Jan  7 22:47:51 EST 2021 233 reboot
Domain nfs-vm is being rebooted

Thu Jan  7 22:48:11 EST 2021 234 reboot
Domain nfs-vm is being rebooted

Thu Jan  7 22:48:56 EST 2021 235 reboot
Domain nfs-vm is being rebooted

Thu Jan  7 22:49:20 EST 2021 236 reboot
Domain nfs-vm is being rebooted

Thu Jan  7 22:50:05 EST 2021 237 reboot
Domain nfs-vm is being rebooted

Thu Jan  7 22:50:50 EST 2021 238 reboot
Domain nfs-vm is being rebooted

Thu Jan  7 22:51:13 EST 2021 239 reboot
Domain nfs-vm is being rebooted

Thu Jan  7 22:51:37 EST 2021 240 reboot
Domain nfs-vm is being rebooted

Thu Jan  7 22:52:01 EST 2021 241 reboot
Domain nfs-vm is being rebooted

Thu Jan  7 22:52:46 EST 2021 242 reboot
Domain nfs-vm is being rebooted

Thu Jan  7 22:53:31 EST 2021 243 reboot
Domain nfs-vm is being rebooted

Thu Jan  7 22:53:51 EST 2021 244 reboot
Domain nfs-vm is being rebooted

Thu Jan  7 22:54:15 EST 2021 245 reboot
Domain nfs-vm is being rebooted

Thu Jan  7 22:54:38 EST 2021 246 reboot
Domain nfs-vm is being rebooted

Thu Jan  7 22:55:02 EST 2021 247 reboot
Domain nfs-vm is being rebooted

Thu Jan  7 22:55:48 EST 2021 248 reboot
Domain nfs-vm is being rebooted

Thu Jan  7 22:56:11 EST 2021 249 reboot
Domain nfs-vm is being rebooted

Thu Jan  7 22:56:32 EST 2021 250 reboot
Domain nfs-vm is being rebooted

Thu Jan  7 22:56:56 EST 2021 251 reboot
Domain nfs-vm is being rebooted

Thu Jan  7 22:57:20 EST 2021 252 reboot
Domain nfs-vm is being rebooted

Thu Jan  7 22:57:43 EST 2021 253 reboot
Domain nfs-vm is being rebooted

Thu Jan  7 22:58:29 EST 2021 254 reboot
Domain nfs-vm is being rebooted

Thu Jan  7 22:58:53 EST 2021 255 reboot
Domain nfs-vm is being rebooted

Thu Jan  7 22:59:38 EST 2021 256 reboot
Domain nfs-vm is being rebooted

Thu Jan  7 23:00:02 EST 2021 257 reboot
Domain nfs-vm is being rebooted

Thu Jan  7 23:00:47 EST 2021 258 reboot
Domain nfs-vm is being rebooted

Thu Jan  7 23:01:32 EST 2021 259 reboot
Domain nfs-vm is being rebooted

Thu Jan  7 23:02:17 EST 2021 260 reboot
Domain nfs-vm is being rebooted

Thu Jan  7 23:03:01 EST 2021 261 reboot
Domain nfs-vm is being rebooted

Thu Jan  7 23:03:25 EST 2021 262 reboot
Domain nfs-vm is being rebooted

Thu Jan  7 23:04:10 EST 2021 263 reboot
Domain nfs-vm is being rebooted

Thu Jan  7 23:04:31 EST 2021 264 reboot
Domain nfs-vm is being rebooted

Thu Jan  7 23:04:54 EST 2021 265 reboot
Domain nfs-vm is being rebooted

Thu Jan  7 23:05:39 EST 2021 266 reboot
Domain nfs-vm is being rebooted

Thu Jan  7 23:06:25 EST 2021 267 reboot
Domain nfs-vm is being rebooted

Thu Jan  7 23:06:48 EST 2021 268 reboot
Domain nfs-vm is being rebooted

Thu Jan  7 23:07:34 EST 2021 269 reboot
Domain nfs-vm is being rebooted

Thu Jan  7 23:08:19 EST 2021 270 reboot
Domain nfs-vm is being rebooted

Thu Jan  7 23:08:42 EST 2021 271 reboot
Domain nfs-vm is being rebooted

Thu Jan  7 23:09:27 EST 2021 272 reboot
Domain nfs-vm is being rebooted

Thu Jan  7 23:09:51 EST 2021 273 reboot
Domain nfs-vm is being rebooted

Thu Jan  7 23:10:14 EST 2021 274 reboot
Domain nfs-vm is being rebooted

Thu Jan  7 23:11:00 EST 2021 275 reboot
Domain nfs-vm is being rebooted

Thu Jan  7 23:11:23 EST 2021 276 reboot
Domain nfs-vm is being rebooted

Thu Jan  7 23:12:08 EST 2021 277 reboot
Domain nfs-vm is being rebooted

Thu Jan  7 23:12:32 EST 2021 278 reboot
Domain nfs-vm is being rebooted

Thu Jan  7 23:13:17 EST 2021 279 reboot
Domain nfs-vm is being rebooted

Thu Jan  7 23:13:40 EST 2021 280 reboot
Domain nfs-vm is being rebooted

Thu Jan  7 23:14:04 EST 2021 281 reboot
Domain nfs-vm is being rebooted

Thu Jan  7 23:15:53 EST 2021 282 reboot
Domain nfs-vm is being rebooted

Thu Jan  7 23:16:18 EST 2021 283 reboot
Domain nfs-vm is being rebooted

Thu Jan  7 23:16:42 EST 2021 284 reboot
Domain nfs-vm is being rebooted

Thu Jan  7 23:17:27 EST 2021 285 reboot
Domain nfs-vm is being rebooted

Thu Jan  7 23:17:51 EST 2021 286 reboot
Domain nfs-vm is being rebooted

Thu Jan  7 23:18:12 EST 2021 287 reboot
Domain nfs-vm is being rebooted

Thu Jan  7 23:18:57 EST 2021 288 reboot
Domain nfs-vm is being rebooted

Thu Jan  7 23:19:43 EST 2021 289 reboot
Domain nfs-vm is being rebooted

Thu Jan  7 23:20:07 EST 2021 290 reboot
Domain nfs-vm is being rebooted

Thu Jan  7 23:20:52 EST 2021 291 reboot
Domain nfs-vm is being rebooted

Thu Jan  7 23:21:37 EST 2021 292 reboot
Domain nfs-vm is being rebooted

Thu Jan  7 23:21:58 EST 2021 293 reboot
Domain nfs-vm is being rebooted

Thu Jan  7 23:22:22 EST 2021 294 reboot
Domain nfs-vm is being rebooted

Thu Jan  7 23:23:08 EST 2021 295 reboot
Domain nfs-vm is being rebooted

Thu Jan  7 23:23:53 EST 2021 296 reboot
Domain nfs-vm is being rebooted

Thu Jan  7 23:24:38 EST 2021 297 reboot
Domain nfs-vm is being rebooted

Thu Jan  7 23:25:23 EST 2021 298 reboot
Domain nfs-vm is being rebooted

Thu Jan  7 23:26:09 EST 2021 299 reboot
Domain nfs-vm is being rebooted

Thu Jan  7 23:26:54 EST 2021 300 reboot
Domain nfs-vm is being rebooted

Thu Jan  7 23:27:39 EST 2021 301 reboot
Domain nfs-vm is being rebooted

Thu Jan  7 23:28:03 EST 2021 302 reboot
Domain nfs-vm is being rebooted

Thu Jan  7 23:28:28 EST 2021 303 reboot
Domain nfs-vm is being rebooted

Thu Jan  7 23:29:13 EST 2021 304 reboot
Domain nfs-vm is being rebooted

Thu Jan  7 23:29:37 EST 2021 305 reboot
Domain nfs-vm is being rebooted

Thu Jan  7 23:30:22 EST 2021 306 reboot
Domain nfs-vm is being rebooted

Thu Jan  7 23:31:07 EST 2021 307 reboot
Domain nfs-vm is being rebooted

Thu Jan  7 23:31:53 EST 2021 308 reboot
Domain nfs-vm is being rebooted

Thu Jan  7 23:32:38 EST 2021 309 reboot
Domain nfs-vm is being rebooted

Thu Jan  7 23:33:23 EST 2021 310 reboot
Domain nfs-vm is being rebooted

Thu Jan  7 23:33:47 EST 2021 311 reboot
Domain nfs-vm is being rebooted

Thu Jan  7 23:34:32 EST 2021 312 reboot
Domain nfs-vm is being rebooted

Thu Jan  7 23:34:56 EST 2021 313 reboot
Domain nfs-vm is being rebooted

Thu Jan  7 23:35:41 EST 2021 314 reboot
Domain nfs-vm is being rebooted

Thu Jan  7 23:36:26 EST 2021 315 reboot
Domain nfs-vm is being rebooted

Thu Jan  7 23:37:11 EST 2021 316 reboot
Domain nfs-vm is being rebooted

Thu Jan  7 23:37:32 EST 2021 317 reboot
Domain nfs-vm is being rebooted

Thu Jan  7 23:37:56 EST 2021 318 reboot
Domain nfs-vm is being rebooted

Thu Jan  7 23:38:21 EST 2021 319 reboot
Domain nfs-vm is being rebooted

Thu Jan  7 23:38:45 EST 2021 320 reboot
Domain nfs-vm is being rebooted

Thu Jan  7 23:39:31 EST 2021 321 reboot
Domain nfs-vm is being rebooted

Thu Jan  7 23:39:55 EST 2021 322 reboot
Domain nfs-vm is being rebooted

Thu Jan  7 23:40:16 EST 2021 323 reboot
Domain nfs-vm is being rebooted

Thu Jan  7 23:40:40 EST 2021 324 reboot
Domain nfs-vm is being rebooted

Thu Jan  7 23:41:25 EST 2021 325 reboot
Domain nfs-vm is being rebooted

Thu Jan  7 23:41:46 EST 2021 326 reboot
Domain nfs-vm is being rebooted

Thu Jan  7 23:42:31 EST 2021 327 reboot
Domain nfs-vm is being rebooted

Thu Jan  7 23:43:17 EST 2021 328 reboot
Domain nfs-vm is being rebooted

Thu Jan  7 23:44:01 EST 2021 329 reboot
Domain nfs-vm is being rebooted

Thu Jan  7 23:44:47 EST 2021 330 reboot
Domain nfs-vm is being rebooted

Thu Jan  7 23:45:11 EST 2021 331 reboot
Domain nfs-vm is being rebooted

Thu Jan  7 23:45:35 EST 2021 332 reboot
Domain nfs-vm is being rebooted

Thu Jan  7 23:46:20 EST 2021 333 reboot
Domain nfs-vm is being rebooted

Thu Jan  7 23:47:05 EST 2021 334 reboot
Domain nfs-vm is being rebooted

Thu Jan  7 23:47:26 EST 2021 335 reboot
Domain nfs-vm is being rebooted

Thu Jan  7 23:47:49 EST 2021 336 reboot
Domain nfs-vm is being rebooted

Thu Jan  7 23:48:13 EST 2021 337 reboot
Domain nfs-vm is being rebooted

Thu Jan  7 23:48:37 EST 2021 338 reboot
Domain nfs-vm is being rebooted

Thu Jan  7 23:49:22 EST 2021 339 reboot
Domain nfs-vm is being rebooted

Thu Jan  7 23:49:45 EST 2021 340 reboot
Domain nfs-vm is being rebooted

Thu Jan  7 23:50:31 EST 2021 341 reboot
Domain nfs-vm is being rebooted

Thu Jan  7 23:50:51 EST 2021 342 reboot
Domain nfs-vm is being rebooted

Thu Jan  7 23:51:36 EST 2021 343 reboot
Domain nfs-vm is being rebooted

Thu Jan  7 23:51:59 EST 2021 344 reboot
Domain nfs-vm is being rebooted

Thu Jan  7 23:52:23 EST 2021 345 reboot
Domain nfs-vm is being rebooted

Thu Jan  7 23:53:08 EST 2021 346 reboot
Domain nfs-vm is being rebooted

Thu Jan  7 23:53:32 EST 2021 347 reboot
Domain nfs-vm is being rebooted

Thu Jan  7 23:54:17 EST 2021 348 reboot
Domain nfs-vm is being rebooted

Thu Jan  7 23:54:41 EST 2021 349 reboot
Domain nfs-vm is being rebooted

Thu Jan  7 23:55:26 EST 2021 350 reboot
Domain nfs-vm is being rebooted

Thu Jan  7 23:55:49 EST 2021 351 reboot
Domain nfs-vm is being rebooted

Thu Jan  7 23:56:10 EST 2021 352 reboot
Domain nfs-vm is being rebooted

Thu Jan  7 23:56:33 EST 2021 353 reboot
Domain nfs-vm is being rebooted

Thu Jan  7 23:56:54 EST 2021 354 reboot
Domain nfs-vm is being rebooted

Thu Jan  7 23:57:18 EST 2021 355 reboot
Domain nfs-vm is being rebooted

Thu Jan  7 23:57:41 EST 2021 356 reboot
Domain nfs-vm is being rebooted

Thu Jan  7 23:58:26 EST 2021 357 reboot
Domain nfs-vm is being rebooted

Thu Jan  7 23:59:11 EST 2021 358 reboot
Domain nfs-vm is being rebooted

Thu Jan  7 23:59:56 EST 2021 359 reboot
Domain nfs-vm is being rebooted

Fri Jan  8 00:00:19 EST 2021 360 reboot
Domain nfs-vm is being rebooted

Fri Jan  8 00:00:43 EST 2021 361 reboot
Domain nfs-vm is being rebooted

Fri Jan  8 00:01:28 EST 2021 362 reboot
Domain nfs-vm is being rebooted

Fri Jan  8 00:02:13 EST 2021 363 reboot
Domain nfs-vm is being rebooted

Fri Jan  8 00:02:36 EST 2021 364 reboot
Domain nfs-vm is being rebooted

Fri Jan  8 00:03:01 EST 2021 365 reboot
Domain nfs-vm is being rebooted

Fri Jan  8 00:03:46 EST 2021 366 reboot
Domain nfs-vm is being rebooted

Fri Jan  8 00:04:09 EST 2021 367 reboot
Domain nfs-vm is being rebooted

Fri Jan  8 00:04:54 EST 2021 368 reboot
Domain nfs-vm is being rebooted

Fri Jan  8 00:05:39 EST 2021 369 reboot
Domain nfs-vm is being rebooted

Fri Jan  8 00:06:02 EST 2021 370 reboot
Domain nfs-vm is being rebooted

Fri Jan  8 00:06:23 EST 2021 371 reboot
Domain nfs-vm is being rebooted

Fri Jan  8 00:06:47 EST 2021 372 reboot
Domain nfs-vm is being rebooted

Fri Jan  8 00:07:32 EST 2021 373 reboot
Domain nfs-vm is being rebooted

Fri Jan  8 00:08:17 EST 2021 374 reboot
Domain nfs-vm is being rebooted

Fri Jan  8 00:09:02 EST 2021 375 reboot
Domain nfs-vm is being rebooted

Fri Jan  8 00:09:25 EST 2021 376 reboot
Domain nfs-vm is being rebooted

Fri Jan  8 00:10:10 EST 2021 377 reboot
Domain nfs-vm is being rebooted

Fri Jan  8 00:10:55 EST 2021 378 reboot
Domain nfs-vm is being rebooted

Fri Jan  8 00:11:18 EST 2021 379 reboot
Domain nfs-vm is being rebooted

Fri Jan  8 00:12:03 EST 2021 380 reboot
Domain nfs-vm is being rebooted

Fri Jan  8 00:12:27 EST 2021 381 reboot
Domain nfs-vm is being rebooted

Fri Jan  8 00:12:50 EST 2021 382 reboot
Domain nfs-vm is being rebooted

Fri Jan  8 00:13:35 EST 2021 383 reboot
Domain nfs-vm is being rebooted

Fri Jan  8 00:15:24 EST 2021 384 reboot
Domain nfs-vm is being rebooted

Fri Jan  8 00:16:11 EST 2021 385 reboot
Domain nfs-vm is being rebooted

Fri Jan  8 00:16:34 EST 2021 386 reboot
Domain nfs-vm is being rebooted

Fri Jan  8 00:16:58 EST 2021 387 reboot
Domain nfs-vm is being rebooted

Fri Jan  8 00:17:21 EST 2021 388 reboot
Domain nfs-vm is being rebooted

Fri Jan  8 00:17:45 EST 2021 389 reboot
Domain nfs-vm is being rebooted

Fri Jan  8 00:18:30 EST 2021 390 reboot
Domain nfs-vm is being rebooted

Fri Jan  8 00:18:54 EST 2021 391 reboot
Domain nfs-vm is being rebooted

Fri Jan  8 00:19:39 EST 2021 392 reboot
Domain nfs-vm is being rebooted

Fri Jan  8 00:21:28 EST 2021 393 reboot
Domain nfs-vm is being rebooted

Fri Jan  8 00:21:52 EST 2021 394 reboot
Domain nfs-vm is being rebooted

Fri Jan  8 00:22:16 EST 2021 395 reboot
Domain nfs-vm is being rebooted

Fri Jan  8 00:23:01 EST 2021 396 reboot
Domain nfs-vm is being rebooted

Fri Jan  8 00:23:25 EST 2021 397 reboot
Domain nfs-vm is being rebooted

Fri Jan  8 00:24:10 EST 2021 398 reboot
Domain nfs-vm is being rebooted

Fri Jan  8 00:24:55 EST 2021 399 reboot
Domain nfs-vm is being rebooted

Fri Jan  8 00:25:19 EST 2021 400 reboot
Domain nfs-vm is being rebooted

Fri Jan  8 00:25:43 EST 2021 401 reboot
Domain nfs-vm is being rebooted

Fri Jan  8 00:26:29 EST 2021 402 reboot
Domain nfs-vm is being rebooted

Fri Jan  8 00:27:14 EST 2021 403 reboot
Domain nfs-vm is being rebooted

Fri Jan  8 00:27:35 EST 2021 404 reboot
Domain nfs-vm is being rebooted

Fri Jan  8 00:27:56 EST 2021 405 reboot
Domain nfs-vm is being rebooted

Fri Jan  8 00:28:41 EST 2021 406 reboot
Domain nfs-vm is being rebooted

Fri Jan  8 00:29:05 EST 2021 407 reboot
Domain nfs-vm is being rebooted

Fri Jan  8 00:29:30 EST 2021 408 reboot
Domain nfs-vm is being rebooted

Fri Jan  8 00:30:15 EST 2021 409 reboot
Domain nfs-vm is being rebooted

Fri Jan  8 00:30:39 EST 2021 410 reboot
Domain nfs-vm is being rebooted

Fri Jan  8 00:31:00 EST 2021 411 reboot
Domain nfs-vm is being rebooted

Fri Jan  8 00:31:24 EST 2021 412 reboot
Domain nfs-vm is being rebooted

Fri Jan  8 00:32:10 EST 2021 413 reboot
Domain nfs-vm is being rebooted

Fri Jan  8 00:32:55 EST 2021 414 reboot
Domain nfs-vm is being rebooted

Fri Jan  8 00:33:17 EST 2021 415 reboot
Domain nfs-vm is being rebooted

Fri Jan  8 00:33:41 EST 2021 416 reboot
Domain nfs-vm is being rebooted

Fri Jan  8 00:35:31 EST 2021 417 reboot
Domain nfs-vm is being rebooted

Fri Jan  8 00:36:17 EST 2021 418 reboot
Domain nfs-vm is being rebooted

Fri Jan  8 00:37:02 EST 2021 419 reboot
Domain nfs-vm is being rebooted

Fri Jan  8 00:37:47 EST 2021 420 reboot
Domain nfs-vm is being rebooted

Fri Jan  8 00:38:12 EST 2021 421 reboot
Domain nfs-vm is being rebooted

Fri Jan  8 00:38:35 EST 2021 422 reboot
Domain nfs-vm is being rebooted

Fri Jan  8 00:39:20 EST 2021 423 reboot
Domain nfs-vm is being rebooted

Fri Jan  8 00:41:09 EST 2021 424 reboot
Domain nfs-vm is being rebooted

Fri Jan  8 00:41:35 EST 2021 425 reboot
Domain nfs-vm is being rebooted

Fri Jan  8 00:42:20 EST 2021 426 reboot
Domain nfs-vm is being rebooted

Fri Jan  8 00:42:44 EST 2021 427 reboot
Domain nfs-vm is being rebooted

Fri Jan  8 00:43:08 EST 2021 428 reboot
Domain nfs-vm is being rebooted

Fri Jan  8 00:43:53 EST 2021 429 reboot
Domain nfs-vm is being rebooted

Fri Jan  8 00:44:38 EST 2021 430 reboot
Domain nfs-vm is being rebooted

Fri Jan  8 00:45:03 EST 2021 431 reboot
Domain nfs-vm is being rebooted

Fri Jan  8 00:45:48 EST 2021 432 reboot
Domain nfs-vm is being rebooted

Fri Jan  8 00:46:08 EST 2021 433 reboot
Domain nfs-vm is being rebooted

Fri Jan  8 00:46:32 EST 2021 434 reboot
Domain nfs-vm is being rebooted

Fri Jan  8 00:46:56 EST 2021 435 reboot
Domain nfs-vm is being rebooted

Fri Jan  8 00:47:20 EST 2021 436 reboot
Domain nfs-vm is being rebooted

Fri Jan  8 00:48:05 EST 2021 437 reboot
Domain nfs-vm is being rebooted

Fri Jan  8 00:48:50 EST 2021 438 reboot
Domain nfs-vm is being rebooted

Fri Jan  8 00:49:36 EST 2021 439 reboot
Domain nfs-vm is being rebooted

Fri Jan  8 00:49:59 EST 2021 440 reboot
Domain nfs-vm is being rebooted

Fri Jan  8 00:50:45 EST 2021 441 reboot
Domain nfs-vm is being rebooted

Fri Jan  8 00:51:31 EST 2021 442 reboot
Domain nfs-vm is being rebooted

Fri Jan  8 00:52:16 EST 2021 443 reboot
Domain nfs-vm is being rebooted

Fri Jan  8 00:54:05 EST 2021 444 reboot
Domain nfs-vm is being rebooted

Fri Jan  8 00:54:30 EST 2021 445 reboot
Domain nfs-vm is being rebooted

Fri Jan  8 00:55:15 EST 2021 446 reboot
Domain nfs-vm is being rebooted

Fri Jan  8 00:56:00 EST 2021 447 reboot
Domain nfs-vm is being rebooted

Fri Jan  8 00:56:45 EST 2021 448 reboot
Domain nfs-vm is being rebooted

Fri Jan  8 00:57:30 EST 2021 449 reboot
Domain nfs-vm is being rebooted

Fri Jan  8 00:57:53 EST 2021 450 reboot
Domain nfs-vm is being rebooted

Fri Jan  8 00:58:38 EST 2021 451 reboot
Domain nfs-vm is being rebooted

Fri Jan  8 00:59:02 EST 2021 452 reboot
Domain nfs-vm is being rebooted

Fri Jan  8 00:59:23 EST 2021 453 reboot
Domain nfs-vm is being rebooted

Fri Jan  8 00:59:46 EST 2021 454 reboot
Domain nfs-vm is being rebooted

Fri Jan  8 01:00:10 EST 2021 455 reboot
Domain nfs-vm is being rebooted

Fri Jan  8 01:00:55 EST 2021 456 reboot
Domain nfs-vm is being rebooted

Fri Jan  8 01:01:16 EST 2021 457 reboot
Domain nfs-vm is being rebooted

Fri Jan  8 01:01:40 EST 2021 458 reboot
Domain nfs-vm is being rebooted

Fri Jan  8 01:02:25 EST 2021 459 reboot
Domain nfs-vm is being rebooted

Fri Jan  8 01:02:48 EST 2021 460 reboot
Domain nfs-vm is being rebooted

Fri Jan  8 01:03:33 EST 2021 461 reboot
Domain nfs-vm is being rebooted

Fri Jan  8 01:04:15 EST 2021 462 reboot
Domain nfs-vm is being rebooted

Fri Jan  8 01:05:02 EST 2021 463 reboot
Domain nfs-vm is being rebooted

Fri Jan  8 01:05:47 EST 2021 464 reboot
Domain nfs-vm is being rebooted

Fri Jan  8 01:06:32 EST 2021 465 reboot
Domain nfs-vm is being rebooted

Fri Jan  8 01:06:52 EST 2021 466 reboot
Domain nfs-vm is being rebooted

Fri Jan  8 01:07:16 EST 2021 467 reboot
Domain nfs-vm is being rebooted

Fri Jan  8 01:07:37 EST 2021 468 reboot
Domain nfs-vm is being rebooted

Fri Jan  8 01:08:21 EST 2021 469 reboot
Domain nfs-vm is being rebooted

Fri Jan  8 01:08:45 EST 2021 470 reboot
Domain nfs-vm is being rebooted

Fri Jan  8 01:09:09 EST 2021 471 reboot
Domain nfs-vm is being rebooted

Fri Jan  8 01:09:33 EST 2021 472 reboot
Domain nfs-vm is being rebooted

Fri Jan  8 01:10:18 EST 2021 473 reboot
Domain nfs-vm is being rebooted

Fri Jan  8 01:10:39 EST 2021 474 reboot
Domain nfs-vm is being rebooted

Fri Jan  8 01:11:02 EST 2021 475 reboot
Domain nfs-vm is being rebooted

Fri Jan  8 01:11:27 EST 2021 476 reboot
Domain nfs-vm is being rebooted

Fri Jan  8 01:12:11 EST 2021 477 reboot
Domain nfs-vm is being rebooted

Fri Jan  8 01:12:56 EST 2021 478 reboot
Domain nfs-vm is being rebooted

Fri Jan  8 01:13:20 EST 2021 479 reboot
Domain nfs-vm is being rebooted

Fri Jan  8 01:14:05 EST 2021 480 reboot
Domain nfs-vm is being rebooted

Fri Jan  8 01:15:54 EST 2021 481 reboot
Domain nfs-vm is being rebooted

Fri Jan  8 01:16:40 EST 2021 482 reboot
Domain nfs-vm is being rebooted

Fri Jan  8 01:17:25 EST 2021 483 reboot
Domain nfs-vm is being rebooted

Fri Jan  8 01:17:49 EST 2021 484 reboot
Domain nfs-vm is being rebooted

Fri Jan  8 01:18:34 EST 2021 485 reboot
Domain nfs-vm is being rebooted

Fri Jan  8 01:18:54 EST 2021 486 reboot
Domain nfs-vm is being rebooted

Fri Jan  8 01:19:15 EST 2021 487 reboot
Domain nfs-vm is being rebooted

Fri Jan  8 01:19:59 EST 2021 488 reboot
Domain nfs-vm is being rebooted

Fri Jan  8 01:20:23 EST 2021 489 reboot
Domain nfs-vm is being rebooted

Fri Jan  8 01:20:47 EST 2021 490 reboot
Domain nfs-vm is being rebooted

Fri Jan  8 01:21:11 EST 2021 491 reboot
Domain nfs-vm is being rebooted

Fri Jan  8 01:21:34 EST 2021 492 reboot
Domain nfs-vm is being rebooted

Fri Jan  8 01:21:58 EST 2021 493 reboot
Domain nfs-vm is being rebooted

Fri Jan  8 01:22:22 EST 2021 494 reboot
Domain nfs-vm is being rebooted

Fri Jan  8 01:23:07 EST 2021 495 reboot
Domain nfs-vm is being rebooted

Fri Jan  8 01:23:52 EST 2021 496 reboot
Domain nfs-vm is being rebooted

Fri Jan  8 01:24:15 EST 2021 497 reboot
Domain nfs-vm is being rebooted

Fri Jan  8 01:24:39 EST 2021 498 reboot
Domain nfs-vm is being rebooted

Fri Jan  8 01:25:03 EST 2021 499 reboot
Domain nfs-vm is being rebooted

Fri Jan  8 01:25:48 EST 2021 500 reboot
Domain nfs-vm is being rebooted

Fri Jan  8 01:26:33 EST 2021 501 reboot
Domain nfs-vm is being rebooted

Fri Jan  8 01:26:53 EST 2021 502 reboot
Domain nfs-vm is being rebooted

Fri Jan  8 01:27:17 EST 2021 503 reboot
Domain nfs-vm is being rebooted

Fri Jan  8 01:27:41 EST 2021 504 reboot
Domain nfs-vm is being rebooted

Fri Jan  8 01:28:26 EST 2021 505 reboot
Domain nfs-vm is being rebooted

Fri Jan  8 01:28:46 EST 2021 506 reboot
Domain nfs-vm is being rebooted

Fri Jan  8 01:29:10 EST 2021 507 reboot
Domain nfs-vm is being rebooted

Fri Jan  8 01:29:55 EST 2021 508 reboot
Domain nfs-vm is being rebooted

Fri Jan  8 01:30:40 EST 2021 509 reboot
Domain nfs-vm is being rebooted

Fri Jan  8 01:31:25 EST 2021 510 reboot
Domain nfs-vm is being rebooted

Fri Jan  8 01:32:11 EST 2021 511 reboot
Domain nfs-vm is being rebooted

Fri Jan  8 01:32:56 EST 2021 512 reboot
Domain nfs-vm is being rebooted

Fri Jan  8 01:33:42 EST 2021 513 reboot
Domain nfs-vm is being rebooted

Fri Jan  8 01:34:27 EST 2021 514 reboot
Domain nfs-vm is being rebooted

Fri Jan  8 01:35:11 EST 2021 515 reboot
Domain nfs-vm is being rebooted

Fri Jan  8 01:35:57 EST 2021 516 reboot
Domain nfs-vm is being rebooted

Fri Jan  8 01:36:42 EST 2021 517 reboot
Domain nfs-vm is being rebooted

Fri Jan  8 01:37:06 EST 2021 518 reboot
Domain nfs-vm is being rebooted

Fri Jan  8 01:37:31 EST 2021 519 reboot
Domain nfs-vm is being rebooted

Fri Jan  8 01:38:16 EST 2021 520 reboot
Domain nfs-vm is being rebooted

Fri Jan  8 01:39:01 EST 2021 521 reboot
Domain nfs-vm is being rebooted

Fri Jan  8 01:39:25 EST 2021 522 reboot
Domain nfs-vm is being rebooted

Fri Jan  8 01:41:14 EST 2021 523 reboot
Domain nfs-vm is being rebooted

Fri Jan  8 01:42:00 EST 2021 524 reboot
Domain nfs-vm is being rebooted

Fri Jan  8 01:42:24 EST 2021 525 reboot
Domain nfs-vm is being rebooted

Fri Jan  8 01:43:09 EST 2021 526 reboot
Domain nfs-vm is being rebooted

Fri Jan  8 01:43:54 EST 2021 527 reboot
Domain nfs-vm is being rebooted

Fri Jan  8 01:44:39 EST 2021 528 reboot
Domain nfs-vm is being rebooted

Fri Jan  8 01:45:00 EST 2021 529 reboot
Domain nfs-vm is being rebooted

Fri Jan  8 01:45:45 EST 2021 530 reboot
Domain nfs-vm is being rebooted

Fri Jan  8 01:46:09 EST 2021 531 reboot
Domain nfs-vm is being rebooted

Fri Jan  8 01:46:54 EST 2021 532 reboot
Domain nfs-vm is being rebooted

Fri Jan  8 01:47:39 EST 2021 533 reboot
Domain nfs-vm is being rebooted

Fri Jan  8 01:48:25 EST 2021 534 reboot
Domain nfs-vm is being rebooted

Fri Jan  8 01:49:10 EST 2021 535 reboot
Domain nfs-vm is being rebooted

Fri Jan  8 01:49:55 EST 2021 536 reboot
Domain nfs-vm is being rebooted

Fri Jan  8 01:50:41 EST 2021 537 reboot
Domain nfs-vm is being rebooted

Fri Jan  8 01:51:26 EST 2021 538 reboot
Domain nfs-vm is being rebooted

Fri Jan  8 01:52:11 EST 2021 539 reboot
Domain nfs-vm is being rebooted

Fri Jan  8 01:52:57 EST 2021 540 reboot
Domain nfs-vm is being rebooted

Fri Jan  8 01:53:42 EST 2021 541 reboot
Domain nfs-vm is being rebooted

Fri Jan  8 01:54:27 EST 2021 542 reboot
Domain nfs-vm is being rebooted

Fri Jan  8 01:54:51 EST 2021 543 reboot
Domain nfs-vm is being rebooted

Fri Jan  8 01:55:36 EST 2021 544 reboot
Domain nfs-vm is being rebooted

Fri Jan  8 01:56:22 EST 2021 545 reboot
Domain nfs-vm is being rebooted

Fri Jan  8 01:57:07 EST 2021 546 reboot
Domain nfs-vm is being rebooted

Fri Jan  8 01:57:52 EST 2021 547 reboot
Domain nfs-vm is being rebooted

Fri Jan  8 01:58:37 EST 2021 548 reboot
Domain nfs-vm is being rebooted

Fri Jan  8 01:58:55 EST 2021 549 reboot
Domain nfs-vm is being rebooted

Fri Jan  8 01:59:20 EST 2021 550 reboot
Domain nfs-vm is being rebooted

Fri Jan  8 02:00:06 EST 2021 551 reboot
Domain nfs-vm is being rebooted

Fri Jan  8 02:00:27 EST 2021 552 reboot
Domain nfs-vm is being rebooted

Fri Jan  8 02:01:12 EST 2021 553 reboot
Domain nfs-vm is being rebooted

Fri Jan  8 02:01:57 EST 2021 554 reboot
Domain nfs-vm is being rebooted

Fri Jan  8 02:02:42 EST 2021 555 reboot
Domain nfs-vm is being rebooted

Fri Jan  8 02:03:05 EST 2021 556 reboot
Domain nfs-vm is being rebooted

Fri Jan  8 02:03:50 EST 2021 557 reboot
Domain nfs-vm is being rebooted

Fri Jan  8 02:04:35 EST 2021 558 reboot
Domain nfs-vm is being rebooted

Fri Jan  8 02:05:20 EST 2021 559 reboot
Domain nfs-vm is being rebooted

Fri Jan  8 02:06:05 EST 2021 560 reboot
Domain nfs-vm is being rebooted

Fri Jan  8 02:06:50 EST 2021 561 reboot
Domain nfs-vm is being rebooted

Fri Jan  8 02:07:14 EST 2021 562 reboot
Domain nfs-vm is being rebooted

Fri Jan  8 02:07:38 EST 2021 563 reboot
Domain nfs-vm is being rebooted

Fri Jan  8 02:07:58 EST 2021 564 reboot
Domain nfs-vm is being rebooted

Fri Jan  8 02:08:22 EST 2021 565 reboot
Domain nfs-vm is being rebooted

Fri Jan  8 02:08:46 EST 2021 566 reboot
Domain nfs-vm is being rebooted

Fri Jan  8 02:09:31 EST 2021 567 reboot
Domain nfs-vm is being rebooted

Fri Jan  8 02:09:51 EST 2021 568 reboot
Domain nfs-vm is being rebooted

Fri Jan  8 02:10:12 EST 2021 569 reboot
Domain nfs-vm is being rebooted

Fri Jan  8 02:10:35 EST 2021 570 reboot
Domain nfs-vm is being rebooted

Fri Jan  8 02:11:20 EST 2021 571 reboot
Domain nfs-vm is being rebooted

Fri Jan  8 02:12:05 EST 2021 572 reboot
Domain nfs-vm is being rebooted

Fri Jan  8 02:12:50 EST 2021 573 reboot
Domain nfs-vm is being rebooted

Fri Jan  8 02:13:14 EST 2021 574 reboot
Domain nfs-vm is being rebooted

Fri Jan  8 02:13:38 EST 2021 575 reboot
Domain nfs-vm is being rebooted

Fri Jan  8 02:13:58 EST 2021 576 reboot
Domain nfs-vm is being rebooted

Fri Jan  8 02:14:43 EST 2021 577 reboot
Domain nfs-vm is being rebooted

Fri Jan  8 02:15:07 EST 2021 578 reboot
Domain nfs-vm is being rebooted

Fri Jan  8 02:15:31 EST 2021 579 reboot
Domain nfs-vm is being rebooted

Fri Jan  8 02:16:16 EST 2021 580 reboot
Domain nfs-vm is being rebooted

Fri Jan  8 02:16:39 EST 2021 581 reboot
Domain nfs-vm is being rebooted

Fri Jan  8 02:17:24 EST 2021 582 reboot
Domain nfs-vm is being rebooted

Fri Jan  8 02:18:09 EST 2021 583 reboot
Domain nfs-vm is being rebooted

Fri Jan  8 02:18:30 EST 2021 584 reboot
Domain nfs-vm is being rebooted

Fri Jan  8 02:18:53 EST 2021 585 reboot
Domain nfs-vm is being rebooted

Fri Jan  8 02:19:14 EST 2021 586 reboot
Domain nfs-vm is being rebooted

Fri Jan  8 02:19:37 EST 2021 587 reboot
Domain nfs-vm is being rebooted

Fri Jan  8 02:20:01 EST 2021 588 reboot
Domain nfs-vm is being rebooted

Fri Jan  8 02:20:46 EST 2021 589 reboot
Domain nfs-vm is being rebooted

Fri Jan  8 02:21:06 EST 2021 590 reboot
Domain nfs-vm is being rebooted

Fri Jan  8 02:22:55 EST 2021 591 reboot
Domain nfs-vm is being rebooted

Fri Jan  8 02:23:20 EST 2021 592 reboot
Domain nfs-vm is being rebooted

Fri Jan  8 02:24:05 EST 2021 593 reboot
Domain nfs-vm is being rebooted

Fri Jan  8 02:24:50 EST 2021 594 reboot
Domain nfs-vm is being rebooted

Fri Jan  8 02:25:14 EST 2021 595 reboot
Domain nfs-vm is being rebooted

Fri Jan  8 02:25:58 EST 2021 596 reboot
Domain nfs-vm is being rebooted

Fri Jan  8 02:26:22 EST 2021 597 reboot
Domain nfs-vm is being rebooted

Fri Jan  8 02:27:07 EST 2021 598 reboot
Domain nfs-vm is being rebooted

Fri Jan  8 02:27:27 EST 2021 599 reboot
Domain nfs-vm is being rebooted

Fri Jan  8 02:27:51 EST 2021 600 reboot
Domain nfs-vm is being rebooted

Fri Jan  8 02:28:36 EST 2021 601 reboot
Domain nfs-vm is being rebooted

Fri Jan  8 02:28:56 EST 2021 602 reboot
Domain nfs-vm is being rebooted

Fri Jan  8 02:29:17 EST 2021 603 reboot
Domain nfs-vm is being rebooted

Fri Jan  8 02:29:41 EST 2021 604 reboot
Domain nfs-vm is being rebooted

Fri Jan  8 02:30:04 EST 2021 605 reboot
Domain nfs-vm is being rebooted

Fri Jan  8 02:30:49 EST 2021 606 reboot
Domain nfs-vm is being rebooted

Fri Jan  8 02:31:13 EST 2021 607 reboot
Domain nfs-vm is being rebooted

Fri Jan  8 02:31:37 EST 2021 608 reboot
Domain nfs-vm is being rebooted

Fri Jan  8 02:32:22 EST 2021 609 reboot
Domain nfs-vm is being rebooted

Fri Jan  8 02:32:45 EST 2021 610 reboot
Domain nfs-vm is being rebooted

Fri Jan  8 02:33:31 EST 2021 611 reboot
Domain nfs-vm is being rebooted

Fri Jan  8 02:33:54 EST 2021 612 reboot
Domain nfs-vm is being rebooted

Fri Jan  8 02:34:39 EST 2021 613 reboot
Domain nfs-vm is being rebooted

Fri Jan  8 02:35:03 EST 2021 614 reboot
Domain nfs-vm is being rebooted

Fri Jan  8 02:35:48 EST 2021 615 reboot
Domain nfs-vm is being rebooted

Fri Jan  8 02:37:36 EST 2021 616 reboot
Domain nfs-vm is being rebooted

Fri Jan  8 02:38:22 EST 2021 617 reboot
Domain nfs-vm is being rebooted

Fri Jan  8 02:39:07 EST 2021 618 reboot
Domain nfs-vm is being rebooted

Fri Jan  8 02:39:31 EST 2021 619 reboot
Domain nfs-vm is being rebooted

Fri Jan  8 02:39:52 EST 2021 620 reboot
Domain nfs-vm is being rebooted

Fri Jan  8 02:40:37 EST 2021 621 reboot
Domain nfs-vm is being rebooted

Fri Jan  8 02:41:22 EST 2021 622 reboot
Domain nfs-vm is being rebooted

Fri Jan  8 02:42:07 EST 2021 623 reboot
Domain nfs-vm is being rebooted

Fri Jan  8 02:42:52 EST 2021 624 reboot
Domain nfs-vm is being rebooted

Fri Jan  8 02:43:38 EST 2021 625 reboot
Domain nfs-vm is being rebooted

Fri Jan  8 02:44:23 EST 2021 626 reboot
Domain nfs-vm is being rebooted

Fri Jan  8 02:45:08 EST 2021 627 reboot
Domain nfs-vm is being rebooted

Fri Jan  8 02:45:54 EST 2021 628 reboot
Domain nfs-vm is being rebooted

Fri Jan  8 02:46:39 EST 2021 629 reboot
Domain nfs-vm is being rebooted

Fri Jan  8 02:47:24 EST 2021 630 reboot
Domain nfs-vm is being rebooted

Fri Jan  8 02:48:09 EST 2021 631 reboot
Domain nfs-vm is being rebooted

Fri Jan  8 02:48:55 EST 2021 632 reboot
Domain nfs-vm is being rebooted

Fri Jan  8 02:49:19 EST 2021 633 reboot
Domain nfs-vm is being rebooted

Fri Jan  8 02:49:43 EST 2021 634 reboot
Domain nfs-vm is being rebooted

Fri Jan  8 02:50:29 EST 2021 635 reboot
Domain nfs-vm is being rebooted

Fri Jan  8 02:50:52 EST 2021 636 reboot
Domain nfs-vm is being rebooted

Fri Jan  8 02:51:37 EST 2021 637 reboot
Domain nfs-vm is being rebooted

Fri Jan  8 02:52:23 EST 2021 638 reboot
Domain nfs-vm is being rebooted

Fri Jan  8 02:53:08 EST 2021 639 reboot
Domain nfs-vm is being rebooted

Fri Jan  8 02:53:29 EST 2021 640 reboot
Domain nfs-vm is being rebooted

Fri Jan  8 02:53:51 EST 2021 641 reboot
Domain nfs-vm is being rebooted

Fri Jan  8 02:54:14 EST 2021 642 reboot
Domain nfs-vm is being rebooted

Fri Jan  8 02:55:00 EST 2021 643 reboot
Domain nfs-vm is being rebooted

Fri Jan  8 02:55:45 EST 2021 644 reboot
Domain nfs-vm is being rebooted

Fri Jan  8 02:56:30 EST 2021 645 reboot
Domain nfs-vm is being rebooted

Fri Jan  8 02:56:54 EST 2021 646 reboot
Domain nfs-vm is being rebooted

Fri Jan  8 02:57:40 EST 2021 647 reboot
Domain nfs-vm is being rebooted

Fri Jan  8 02:58:25 EST 2021 648 reboot
Domain nfs-vm is being rebooted

Fri Jan  8 02:59:10 EST 2021 649 reboot
Domain nfs-vm is being rebooted

Fri Jan  8 02:59:55 EST 2021 650 reboot
Domain nfs-vm is being rebooted

Fri Jan  8 03:00:40 EST 2021 651 reboot
Domain nfs-vm is being rebooted

Fri Jan  8 03:01:25 EST 2021 652 reboot
Domain nfs-vm is being rebooted

Fri Jan  8 03:01:46 EST 2021 653 reboot
Domain nfs-vm is being rebooted

Fri Jan  8 03:02:31 EST 2021 654 reboot
Domain nfs-vm is being rebooted

Fri Jan  8 03:02:55 EST 2021 655 reboot
Domain nfs-vm is being rebooted

Fri Jan  8 03:03:19 EST 2021 656 reboot
Domain nfs-vm is being rebooted

Fri Jan  8 03:04:05 EST 2021 657 reboot
Domain nfs-vm is being rebooted

Fri Jan  8 03:04:50 EST 2021 658 reboot
Domain nfs-vm is being rebooted

Fri Jan  8 03:05:11 EST 2021 659 reboot
Domain nfs-vm is being rebooted

Fri Jan  8 03:05:56 EST 2021 660 reboot
Domain nfs-vm is being rebooted

Fri Jan  8 03:06:41 EST 2021 661 reboot
Domain nfs-vm is being rebooted

Fri Jan  8 03:07:26 EST 2021 662 reboot
Domain nfs-vm is being rebooted

Fri Jan  8 03:08:11 EST 2021 663 reboot
Domain nfs-vm is being rebooted

Fri Jan  8 03:08:35 EST 2021 664 reboot
Domain nfs-vm is being rebooted

Fri Jan  8 03:09:20 EST 2021 665 reboot
Domain nfs-vm is being rebooted

Fri Jan  8 03:09:44 EST 2021 666 reboot
Domain nfs-vm is being rebooted

Fri Jan  8 03:10:29 EST 2021 667 reboot
Domain nfs-vm is being rebooted

Fri Jan  8 03:10:52 EST 2021 668 reboot
Domain nfs-vm is being rebooted

Fri Jan  8 03:11:38 EST 2021 669 reboot
Domain nfs-vm is being rebooted

Fri Jan  8 03:13:27 EST 2021 670 reboot
Domain nfs-vm is being rebooted

Fri Jan  8 03:13:51 EST 2021 671 reboot
Domain nfs-vm is being rebooted

Fri Jan  8 03:14:16 EST 2021 672 reboot
Domain nfs-vm is being rebooted

Fri Jan  8 03:15:01 EST 2021 673 reboot
Domain nfs-vm is being rebooted

Fri Jan  8 03:15:21 EST 2021 674 reboot
Domain nfs-vm is being rebooted

Fri Jan  8 03:15:42 EST 2021 675 reboot
Domain nfs-vm is being rebooted

Fri Jan  8 03:16:05 EST 2021 676 reboot
Domain nfs-vm is being rebooted

Fri Jan  8 03:16:50 EST 2021 677 reboot
Domain nfs-vm is being rebooted

Fri Jan  8 03:17:35 EST 2021 678 reboot
Domain nfs-vm is being rebooted

Fri Jan  8 03:17:59 EST 2021 679 reboot
Domain nfs-vm is being rebooted

Fri Jan  8 03:18:44 EST 2021 680 reboot
Domain nfs-vm is being rebooted

Fri Jan  8 03:19:07 EST 2021 681 reboot
Domain nfs-vm is being rebooted

Fri Jan  8 03:19:28 EST 2021 682 reboot
Domain nfs-vm is being rebooted

Fri Jan  8 03:19:52 EST 2021 683 reboot
Domain nfs-vm is being rebooted

Fri Jan  8 03:20:37 EST 2021 684 reboot
Domain nfs-vm is being rebooted

Fri Jan  8 03:21:00 EST 2021 685 reboot
Domain nfs-vm is being rebooted

Fri Jan  8 03:22:50 EST 2021 686 reboot
Domain nfs-vm is being rebooted

Fri Jan  8 03:23:14 EST 2021 687 reboot
Domain nfs-vm is being rebooted

Fri Jan  8 03:25:04 EST 2021 688 reboot
Domain nfs-vm is being rebooted

Fri Jan  8 03:25:49 EST 2021 689 reboot
Domain nfs-vm is being rebooted

Fri Jan  8 03:26:34 EST 2021 690 reboot
Domain nfs-vm is being rebooted

Fri Jan  8 03:26:58 EST 2021 691 reboot
Domain nfs-vm is being rebooted

Fri Jan  8 03:27:19 EST 2021 692 reboot
Domain nfs-vm is being rebooted

Fri Jan  8 03:27:39 EST 2021 693 reboot
Domain nfs-vm is being rebooted

Fri Jan  8 03:28:00 EST 2021 694 reboot
Domain nfs-vm is being rebooted

Fri Jan  8 03:28:44 EST 2021 695 reboot
Domain nfs-vm is being rebooted

Fri Jan  8 03:29:29 EST 2021 696 reboot
Domain nfs-vm is being rebooted

Fri Jan  8 03:30:15 EST 2021 697 reboot
Domain nfs-vm is being rebooted

Fri Jan  8 03:30:59 EST 2021 698 reboot
Domain nfs-vm is being rebooted

Fri Jan  8 03:31:20 EST 2021 699 reboot
Domain nfs-vm is being rebooted

Fri Jan  8 03:33:09 EST 2021 700 reboot
Domain nfs-vm is being rebooted

Fri Jan  8 03:33:33 EST 2021 701 reboot
Domain nfs-vm is being rebooted

Fri Jan  8 03:33:58 EST 2021 702 reboot
Domain nfs-vm is being rebooted

Fri Jan  8 03:34:21 EST 2021 703 reboot
Domain nfs-vm is being rebooted

Fri Jan  8 03:35:06 EST 2021 704 reboot
Domain nfs-vm is being rebooted

Fri Jan  8 03:35:30 EST 2021 705 reboot
Domain nfs-vm is being rebooted

Fri Jan  8 03:36:15 EST 2021 706 reboot
Domain nfs-vm is being rebooted

Fri Jan  8 03:37:00 EST 2021 707 reboot
Domain nfs-vm is being rebooted

Fri Jan  8 03:37:23 EST 2021 708 reboot
Domain nfs-vm is being rebooted

Fri Jan  8 03:38:08 EST 2021 709 reboot
Domain nfs-vm is being rebooted

Fri Jan  8 03:38:32 EST 2021 710 reboot
Domain nfs-vm is being rebooted

Fri Jan  8 03:39:17 EST 2021 711 reboot
Domain nfs-vm is being rebooted

Fri Jan  8 03:39:40 EST 2021 712 reboot
Domain nfs-vm is being rebooted

Fri Jan  8 03:40:01 EST 2021 713 reboot
Domain nfs-vm is being rebooted

Fri Jan  8 03:40:25 EST 2021 714 reboot
Domain nfs-vm is being rebooted

Fri Jan  8 03:40:48 EST 2021 715 reboot
Domain nfs-vm is being rebooted

Fri Jan  8 03:41:33 EST 2021 716 reboot
Domain nfs-vm is being rebooted

Fri Jan  8 03:41:57 EST 2021 717 reboot
Domain nfs-vm is being rebooted

Fri Jan  8 03:42:42 EST 2021 718 reboot
Domain nfs-vm is being rebooted

Fri Jan  8 03:43:05 EST 2021 719 reboot
Domain nfs-vm is being rebooted

Fri Jan  8 03:43:26 EST 2021 720 reboot
Domain nfs-vm is being rebooted

Fri Jan  8 03:44:11 EST 2021 721 reboot
Domain nfs-vm is being rebooted

Fri Jan  8 03:44:34 EST 2021 722 reboot
Domain nfs-vm is being rebooted

Fri Jan  8 03:45:19 EST 2021 723 reboot
Domain nfs-vm is being rebooted

Fri Jan  8 03:45:44 EST 2021 724 reboot
Domain nfs-vm is being rebooted

Fri Jan  8 03:46:08 EST 2021 725 reboot
Domain nfs-vm is being rebooted

Fri Jan  8 03:46:32 EST 2021 726 reboot
Domain nfs-vm is being rebooted

Fri Jan  8 03:47:17 EST 2021 727 reboot
Domain nfs-vm is being rebooted

Fri Jan  8 03:48:03 EST 2021 728 reboot
Domain nfs-vm is being rebooted

Fri Jan  8 03:48:26 EST 2021 729 reboot
Domain nfs-vm is being rebooted

Fri Jan  8 03:48:50 EST 2021 730 reboot
Domain nfs-vm is being rebooted

Fri Jan  8 03:49:35 EST 2021 731 reboot
Domain nfs-vm is being rebooted

Fri Jan  8 03:49:59 EST 2021 732 reboot
Domain nfs-vm is being rebooted

Fri Jan  8 03:50:44 EST 2021 733 reboot
Domain nfs-vm is being rebooted

Fri Jan  8 03:51:30 EST 2021 734 reboot
Domain nfs-vm is being rebooted

Fri Jan  8 03:51:51 EST 2021 735 reboot
Domain nfs-vm is being rebooted

Fri Jan  8 03:52:36 EST 2021 736 reboot
Domain nfs-vm is being rebooted

Fri Jan  8 03:53:00 EST 2021 737 reboot
Domain nfs-vm is being rebooted

Fri Jan  8 03:53:25 EST 2021 738 reboot
Domain nfs-vm is being rebooted

Fri Jan  8 03:53:48 EST 2021 739 reboot
Domain nfs-vm is being rebooted

Fri Jan  8 03:54:34 EST 2021 740 reboot
Domain nfs-vm is being rebooted

Fri Jan  8 03:55:19 EST 2021 741 reboot
Domain nfs-vm is being rebooted

Fri Jan  8 03:56:05 EST 2021 742 reboot
Domain nfs-vm is being rebooted

Fri Jan  8 03:56:26 EST 2021 743 reboot
Domain nfs-vm is being rebooted

Fri Jan  8 03:57:11 EST 2021 744 reboot
Domain nfs-vm is being rebooted

Fri Jan  8 03:57:35 EST 2021 745 reboot
Domain nfs-vm is being rebooted

Fri Jan  8 03:58:00 EST 2021 746 reboot
Domain nfs-vm is being rebooted

Fri Jan  8 03:58:24 EST 2021 747 reboot
Domain nfs-vm is being rebooted

Fri Jan  8 03:59:09 EST 2021 748 reboot
Domain nfs-vm is being rebooted

Fri Jan  8 03:59:55 EST 2021 749 reboot
Domain nfs-vm is being rebooted

Fri Jan  8 04:00:19 EST 2021 750 reboot
Domain nfs-vm is being rebooted

Fri Jan  8 04:00:43 EST 2021 751 reboot
Domain nfs-vm is being rebooted

Fri Jan  8 04:01:28 EST 2021 752 reboot
Domain nfs-vm is being rebooted

Fri Jan  8 04:01:52 EST 2021 753 reboot
Domain nfs-vm is being rebooted

Fri Jan  8 04:03:42 EST 2021 754 reboot
Domain nfs-vm is being rebooted

Fri Jan  8 04:04:29 EST 2021 755 reboot
Domain nfs-vm is being rebooted

Fri Jan  8 04:05:14 EST 2021 756 reboot
Domain nfs-vm is being rebooted

Fri Jan  8 04:05:59 EST 2021 757 reboot
Domain nfs-vm is being rebooted

Fri Jan  8 04:06:44 EST 2021 758 reboot
Domain nfs-vm is being rebooted

Fri Jan  8 04:07:05 EST 2021 759 reboot
Domain nfs-vm is being rebooted

Fri Jan  8 04:07:28 EST 2021 760 reboot
Domain nfs-vm is being rebooted

Fri Jan  8 04:08:13 EST 2021 761 reboot
Domain nfs-vm is being rebooted

Fri Jan  8 04:08:37 EST 2021 762 reboot
Domain nfs-vm is being rebooted

Fri Jan  8 04:09:22 EST 2021 763 reboot
Domain nfs-vm is being rebooted

Fri Jan  8 04:09:46 EST 2021 764 reboot
Domain nfs-vm is being rebooted

Fri Jan  8 04:10:32 EST 2021 765 reboot
Domain nfs-vm is being rebooted

Fri Jan  8 04:11:17 EST 2021 766 reboot
Domain nfs-vm is being rebooted

Fri Jan  8 04:11:40 EST 2021 767 reboot
Domain nfs-vm is being rebooted

Fri Jan  8 04:12:26 EST 2021 768 reboot
Domain nfs-vm is being rebooted

Fri Jan  8 04:13:11 EST 2021 769 reboot
Domain nfs-vm is being rebooted

Fri Jan  8 04:13:31 EST 2021 770 reboot
Domain nfs-vm is being rebooted

Fri Jan  8 04:13:55 EST 2021 771 reboot
Domain nfs-vm is being rebooted

Fri Jan  8 04:14:40 EST 2021 772 reboot
Domain nfs-vm is being rebooted

Fri Jan  8 04:15:03 EST 2021 773 reboot
Domain nfs-vm is being rebooted

Fri Jan  8 04:15:49 EST 2021 774 reboot
Domain nfs-vm is being rebooted

Fri Jan  8 04:16:12 EST 2021 775 reboot
Domain nfs-vm is being rebooted

Fri Jan  8 04:16:33 EST 2021 776 reboot
Domain nfs-vm is being rebooted

Fri Jan  8 04:17:18 EST 2021 777 reboot
Domain nfs-vm is being rebooted

Fri Jan  8 04:17:38 EST 2021 778 reboot
Domain nfs-vm is being rebooted

Fri Jan  8 04:18:02 EST 2021 779 reboot
Domain nfs-vm is being rebooted

Fri Jan  8 04:18:26 EST 2021 780 reboot
Domain nfs-vm is being rebooted

Fri Jan  8 04:19:11 EST 2021 781 reboot
Domain nfs-vm is being rebooted

Fri Jan  8 04:19:56 EST 2021 782 reboot
Domain nfs-vm is being rebooted

Fri Jan  8 04:20:40 EST 2021 783 reboot
Domain nfs-vm is being rebooted

Fri Jan  8 04:21:25 EST 2021 784 reboot
Domain nfs-vm is being rebooted

Fri Jan  8 04:21:46 EST 2021 785 reboot
Domain nfs-vm is being rebooted

Fri Jan  8 04:22:06 EST 2021 786 reboot
Domain nfs-vm is being rebooted

Fri Jan  8 04:22:30 EST 2021 787 reboot
Domain nfs-vm is being rebooted

Fri Jan  8 04:23:15 EST 2021 788 reboot
Domain nfs-vm is being rebooted

Fri Jan  8 04:23:38 EST 2021 789 reboot
Domain nfs-vm is being rebooted

Fri Jan  8 04:24:23 EST 2021 790 reboot
Domain nfs-vm is being rebooted

Fri Jan  8 04:26:12 EST 2021 791 reboot
Domain nfs-vm is being rebooted

Fri Jan  8 04:26:58 EST 2021 792 reboot
Domain nfs-vm is being rebooted

Fri Jan  8 04:27:19 EST 2021 793 reboot
Domain nfs-vm is being rebooted

Fri Jan  8 04:28:03 EST 2021 794 reboot
Domain nfs-vm is being rebooted

Fri Jan  8 04:28:48 EST 2021 795 reboot
Domain nfs-vm is being rebooted

Fri Jan  8 04:29:33 EST 2021 796 reboot
Domain nfs-vm is being rebooted

Fri Jan  8 04:29:53 EST 2021 797 reboot
Domain nfs-vm is being rebooted

Fri Jan  8 04:30:17 EST 2021 798 reboot
Domain nfs-vm is being rebooted

Fri Jan  8 04:31:02 EST 2021 799 reboot
Domain nfs-vm is being rebooted

Fri Jan  8 04:31:25 EST 2021 800 reboot
Domain nfs-vm is being rebooted

Fri Jan  8 04:31:49 EST 2021 801 reboot
Domain nfs-vm is being rebooted

Fri Jan  8 04:32:34 EST 2021 802 reboot
Domain nfs-vm is being rebooted

Fri Jan  8 04:33:19 EST 2021 803 reboot
Domain nfs-vm is being rebooted

Fri Jan  8 04:33:42 EST 2021 804 reboot
Domain nfs-vm is being rebooted

Fri Jan  8 04:34:28 EST 2021 805 reboot
Domain nfs-vm is being rebooted

Fri Jan  8 04:34:51 EST 2021 806 reboot
Domain nfs-vm is being rebooted

Fri Jan  8 04:35:36 EST 2021 807 reboot
Domain nfs-vm is being rebooted

Fri Jan  8 04:36:00 EST 2021 808 reboot
Domain nfs-vm is being rebooted

Fri Jan  8 04:36:45 EST 2021 809 reboot
Domain nfs-vm is being rebooted

Fri Jan  8 04:37:08 EST 2021 810 reboot
Domain nfs-vm is being rebooted

Fri Jan  8 04:37:53 EST 2021 811 reboot
Domain nfs-vm is being rebooted

Fri Jan  8 04:38:38 EST 2021 812 reboot
Domain nfs-vm is being rebooted

Fri Jan  8 04:39:02 EST 2021 813 reboot
Domain nfs-vm is being rebooted

Fri Jan  8 04:39:26 EST 2021 814 reboot
Domain nfs-vm is being rebooted

Fri Jan  8 04:39:50 EST 2021 815 reboot
Domain nfs-vm is being rebooted

Fri Jan  8 04:40:35 EST 2021 816 reboot
Domain nfs-vm is being rebooted

Fri Jan  8 04:40:59 EST 2021 817 reboot
Domain nfs-vm is being rebooted

Fri Jan  8 04:41:19 EST 2021 818 reboot
Domain nfs-vm is being rebooted

Fri Jan  8 04:42:04 EST 2021 819 reboot
Domain nfs-vm is being rebooted

Fri Jan  8 04:42:24 EST 2021 820 reboot
Domain nfs-vm is being rebooted

Fri Jan  8 04:43:09 EST 2021 821 reboot
Domain nfs-vm is being rebooted

Fri Jan  8 04:43:30 EST 2021 822 reboot
Domain nfs-vm is being rebooted

Fri Jan  8 04:43:53 EST 2021 823 reboot
Domain nfs-vm is being rebooted

Fri Jan  8 04:44:17 EST 2021 824 reboot
Domain nfs-vm is being rebooted

Fri Jan  8 04:45:03 EST 2021 825 reboot
Domain nfs-vm is being rebooted

Fri Jan  8 04:45:26 EST 2021 826 reboot
Domain nfs-vm is being rebooted

Fri Jan  8 04:46:11 EST 2021 827 reboot
Domain nfs-vm is being rebooted

Fri Jan  8 04:46:35 EST 2021 828 reboot
Domain nfs-vm is being rebooted

Fri Jan  8 04:46:58 EST 2021 829 reboot
Domain nfs-vm is being rebooted

Fri Jan  8 04:47:22 EST 2021 830 reboot
Domain nfs-vm is being rebooted

Fri Jan  8 04:48:08 EST 2021 831 reboot
Domain nfs-vm is being rebooted

Fri Jan  8 04:48:53 EST 2021 832 reboot
Domain nfs-vm is being rebooted

Fri Jan  8 04:49:17 EST 2021 833 reboot
Domain nfs-vm is being rebooted

Fri Jan  8 04:50:02 EST 2021 834 reboot
Domain nfs-vm is being rebooted

Fri Jan  8 04:50:23 EST 2021 835 reboot
Domain nfs-vm is being rebooted

Fri Jan  8 04:51:08 EST 2021 836 reboot
Domain nfs-vm is being rebooted

Fri Jan  8 04:51:32 EST 2021 837 reboot
Domain nfs-vm is being rebooted

Fri Jan  8 04:52:17 EST 2021 838 reboot
Domain nfs-vm is being rebooted

Fri Jan  8 04:53:02 EST 2021 839 reboot
Domain nfs-vm is being rebooted

Fri Jan  8 04:53:26 EST 2021 840 reboot
Domain nfs-vm is being rebooted

Fri Jan  8 04:53:48 EST 2021 841 reboot
Domain nfs-vm is being rebooted

Fri Jan  8 04:54:33 EST 2021 842 reboot
Domain nfs-vm is being rebooted

Fri Jan  8 04:55:19 EST 2021 843 reboot
Domain nfs-vm is being rebooted

Fri Jan  8 04:56:04 EST 2021 844 reboot
Domain nfs-vm is being rebooted

Fri Jan  8 04:56:50 EST 2021 845 reboot
Domain nfs-vm is being rebooted

Fri Jan  8 04:57:35 EST 2021 846 reboot
Domain nfs-vm is being rebooted

Fri Jan  8 04:58:20 EST 2021 847 reboot
Domain nfs-vm is being rebooted

Fri Jan  8 04:59:05 EST 2021 848 reboot
Domain nfs-vm is being rebooted

Fri Jan  8 04:59:51 EST 2021 849 reboot
Domain nfs-vm is being rebooted

Fri Jan  8 05:00:11 EST 2021 850 reboot
Domain nfs-vm is being rebooted

Fri Jan  8 05:02:00 EST 2021 851 reboot
Domain nfs-vm is being rebooted

Fri Jan  8 05:02:47 EST 2021 852 reboot
Domain nfs-vm is being rebooted

Fri Jan  8 05:03:32 EST 2021 853 reboot
Domain nfs-vm is being rebooted

Fri Jan  8 05:04:17 EST 2021 854 reboot
Domain nfs-vm is being rebooted

Fri Jan  8 05:05:03 EST 2021 855 reboot
Domain nfs-vm is being rebooted

Fri Jan  8 05:05:48 EST 2021 856 reboot
Domain nfs-vm is being rebooted

Fri Jan  8 05:06:33 EST 2021 857 reboot
Domain nfs-vm is being rebooted

Fri Jan  8 05:07:18 EST 2021 858 reboot
Domain nfs-vm is being rebooted

Fri Jan  8 05:08:03 EST 2021 859 reboot
Domain nfs-vm is being rebooted

Fri Jan  8 05:08:27 EST 2021 860 reboot
Domain nfs-vm is being rebooted

Fri Jan  8 05:08:51 EST 2021 861 reboot
Domain nfs-vm is being rebooted

Fri Jan  8 05:09:15 EST 2021 862 reboot
Domain nfs-vm is being rebooted

Fri Jan  8 05:09:40 EST 2021 863 reboot
Domain nfs-vm is being rebooted

Fri Jan  8 05:10:25 EST 2021 864 reboot
Domain nfs-vm is being rebooted

Fri Jan  8 05:10:46 EST 2021 865 reboot
Domain nfs-vm is being rebooted

Fri Jan  8 05:11:10 EST 2021 866 reboot
Domain nfs-vm is being rebooted

Fri Jan  8 05:11:55 EST 2021 867 reboot
Domain nfs-vm is being rebooted

Fri Jan  8 05:12:20 EST 2021 868 reboot
Domain nfs-vm is being rebooted

Fri Jan  8 05:13:05 EST 2021 869 reboot
Domain nfs-vm is being rebooted

Fri Jan  8 05:13:50 EST 2021 870 reboot
Domain nfs-vm is being rebooted

Fri Jan  8 05:14:35 EST 2021 871 reboot
Domain nfs-vm is being rebooted

Fri Jan  8 05:14:56 EST 2021 872 reboot
Domain nfs-vm is being rebooted

Fri Jan  8 05:15:17 EST 2021 873 reboot
Domain nfs-vm is being rebooted

Fri Jan  8 05:16:02 EST 2021 874 reboot
Domain nfs-vm is being rebooted

Fri Jan  8 05:16:47 EST 2021 875 reboot
Domain nfs-vm is being rebooted

Fri Jan  8 05:18:36 EST 2021 876 reboot
Domain nfs-vm is being rebooted

Fri Jan  8 05:19:00 EST 2021 877 reboot
Domain nfs-vm is being rebooted

Fri Jan  8 05:19:24 EST 2021 878 reboot
Domain nfs-vm is being rebooted

Fri Jan  8 05:20:09 EST 2021 879 reboot
Domain nfs-vm is being rebooted

Fri Jan  8 05:20:54 EST 2021 880 reboot
Domain nfs-vm is being rebooted

Fri Jan  8 05:21:14 EST 2021 881 reboot
Domain nfs-vm is being rebooted

Fri Jan  8 05:21:38 EST 2021 882 reboot
Domain nfs-vm is being rebooted

Fri Jan  8 05:22:23 EST 2021 883 reboot
Domain nfs-vm is being rebooted

Fri Jan  8 05:22:46 EST 2021 884 reboot
Domain nfs-vm is being rebooted

Fri Jan  8 05:23:10 EST 2021 885 reboot
Domain nfs-vm is being rebooted

Fri Jan  8 05:23:55 EST 2021 886 reboot
Domain nfs-vm is being rebooted

Fri Jan  8 05:25:44 EST 2021 887 reboot
Domain nfs-vm is being rebooted

Fri Jan  8 05:26:10 EST 2021 888 reboot
Domain nfs-vm is being rebooted

Fri Jan  8 05:26:54 EST 2021 889 reboot
Domain nfs-vm is being rebooted

Fri Jan  8 05:27:19 EST 2021 890 reboot
Domain nfs-vm is being rebooted

Fri Jan  8 05:28:04 EST 2021 891 reboot
Domain nfs-vm is being rebooted

Fri Jan  8 05:28:27 EST 2021 892 reboot
Domain nfs-vm is being rebooted

Fri Jan  8 05:28:51 EST 2021 893 reboot
Domain nfs-vm is being rebooted

Fri Jan  8 05:29:12 EST 2021 894 reboot
Domain nfs-vm is being rebooted

Fri Jan  8 05:29:57 EST 2021 895 reboot
Domain nfs-vm is being rebooted

Fri Jan  8 05:30:20 EST 2021 896 reboot
Domain nfs-vm is being rebooted

Fri Jan  8 05:31:05 EST 2021 897 reboot
Domain nfs-vm is being rebooted

Fri Jan  8 05:31:28 EST 2021 898 reboot
Domain nfs-vm is being rebooted

Fri Jan  8 05:32:13 EST 2021 899 reboot
Domain nfs-vm is being rebooted

Fri Jan  8 05:32:58 EST 2021 900 reboot
Domain nfs-vm is being rebooted

Fri Jan  8 05:33:22 EST 2021 901 reboot
Domain nfs-vm is being rebooted

Fri Jan  8 05:34:07 EST 2021 902 reboot
Domain nfs-vm is being rebooted

Fri Jan  8 05:34:31 EST 2021 903 reboot
Domain nfs-vm is being rebooted

Fri Jan  8 05:35:16 EST 2021 904 reboot
Domain nfs-vm is being rebooted

Fri Jan  8 05:35:39 EST 2021 905 reboot
Domain nfs-vm is being rebooted

Fri Jan  8 05:36:24 EST 2021 906 reboot
Domain nfs-vm is being rebooted

Fri Jan  8 05:37:09 EST 2021 907 reboot
Domain nfs-vm is being rebooted

Fri Jan  8 05:37:33 EST 2021 908 reboot
Domain nfs-vm is being rebooted

Fri Jan  8 05:37:57 EST 2021 909 reboot
Domain nfs-vm is being rebooted

Fri Jan  8 05:38:42 EST 2021 910 reboot
Domain nfs-vm is being rebooted

Fri Jan  8 05:39:06 EST 2021 911 reboot
Domain nfs-vm is being rebooted

Fri Jan  8 05:39:29 EST 2021 912 reboot
Domain nfs-vm is being rebooted

Fri Jan  8 05:40:14 EST 2021 913 reboot
Domain nfs-vm is being rebooted

Fri Jan  8 05:40:38 EST 2021 914 reboot
Domain nfs-vm is being rebooted

Fri Jan  8 05:40:59 EST 2021 915 reboot
Domain nfs-vm is being rebooted

Fri Jan  8 05:41:22 EST 2021 916 reboot
Domain nfs-vm is being rebooted

Fri Jan  8 05:42:08 EST 2021 917 reboot
Domain nfs-vm is being rebooted

Fri Jan  8 05:42:28 EST 2021 918 reboot
Domain nfs-vm is being rebooted

Fri Jan  8 05:42:49 EST 2021 919 reboot
Domain nfs-vm is being rebooted

Fri Jan  8 05:43:12 EST 2021 920 reboot
Domain nfs-vm is being rebooted

Fri Jan  8 05:43:36 EST 2021 921 reboot
Domain nfs-vm is being rebooted

Fri Jan  8 05:44:00 EST 2021 922 reboot
Domain nfs-vm is being rebooted

Fri Jan  8 05:44:24 EST 2021 923 reboot
Domain nfs-vm is being rebooted

Fri Jan  8 05:45:09 EST 2021 924 reboot
Domain nfs-vm is being rebooted

Fri Jan  8 05:45:32 EST 2021 925 reboot
Domain nfs-vm is being rebooted

Fri Jan  8 05:46:18 EST 2021 926 reboot
Domain nfs-vm is being rebooted

Fri Jan  8 05:47:03 EST 2021 927 reboot
Domain nfs-vm is being rebooted

Fri Jan  8 05:48:51 EST 2021 928 reboot
Domain nfs-vm is being rebooted

Fri Jan  8 05:49:13 EST 2021 929 reboot
Domain nfs-vm is being rebooted

Fri Jan  8 05:49:36 EST 2021 930 reboot
Domain nfs-vm is being rebooted

Fri Jan  8 05:50:00 EST 2021 931 reboot
Domain nfs-vm is being rebooted

Fri Jan  8 05:50:24 EST 2021 932 reboot
Domain nfs-vm is being rebooted

Fri Jan  8 05:51:09 EST 2021 933 reboot
Domain nfs-vm is being rebooted

Fri Jan  8 05:51:33 EST 2021 934 reboot
Domain nfs-vm is being rebooted

Fri Jan  8 05:51:53 EST 2021 935 reboot
Domain nfs-vm is being rebooted

Fri Jan  8 05:52:17 EST 2021 936 reboot
Domain nfs-vm is being rebooted

Fri Jan  8 05:52:41 EST 2021 937 reboot
Domain nfs-vm is being rebooted

Fri Jan  8 05:53:26 EST 2021 938 reboot
Domain nfs-vm is being rebooted

Fri Jan  8 05:54:11 EST 2021 939 reboot
Domain nfs-vm is being rebooted

Fri Jan  8 05:54:36 EST 2021 940 reboot
Domain nfs-vm is being rebooted

Fri Jan  8 05:54:58 EST 2021 941 reboot
Domain nfs-vm is being rebooted

Fri Jan  8 05:55:22 EST 2021 942 reboot
Domain nfs-vm is being rebooted

Fri Jan  8 05:56:08 EST 2021 943 reboot
Domain nfs-vm is being rebooted

Fri Jan  8 05:56:31 EST 2021 944 reboot
Domain nfs-vm is being rebooted

Fri Jan  8 05:57:17 EST 2021 945 reboot
Domain nfs-vm is being rebooted

Fri Jan  8 05:57:40 EST 2021 946 reboot
Domain nfs-vm is being rebooted

Fri Jan  8 05:58:04 EST 2021 947 reboot
Domain nfs-vm is being rebooted

Fri Jan  8 05:58:50 EST 2021 948 reboot
Domain nfs-vm is being rebooted

Fri Jan  8 05:59:35 EST 2021 949 reboot
Domain nfs-vm is being rebooted

Fri Jan  8 05:59:59 EST 2021 950 reboot
Domain nfs-vm is being rebooted

Fri Jan  8 06:00:44 EST 2021 951 reboot
Domain nfs-vm is being rebooted

Fri Jan  8 06:01:06 EST 2021 952 reboot
Domain nfs-vm is being rebooted

Fri Jan  8 06:01:30 EST 2021 953 reboot
Domain nfs-vm is being rebooted

Fri Jan  8 06:02:16 EST 2021 954 reboot
Domain nfs-vm is being rebooted

Fri Jan  8 06:03:01 EST 2021 955 reboot
Domain nfs-vm is being rebooted

Fri Jan  8 06:03:25 EST 2021 956 reboot
Domain nfs-vm is being rebooted

Fri Jan  8 06:04:11 EST 2021 957 reboot
Domain nfs-vm is being rebooted

Fri Jan  8 06:04:56 EST 2021 958 reboot
Domain nfs-vm is being rebooted

Fri Jan  8 06:05:41 EST 2021 959 reboot
Domain nfs-vm is being rebooted

Fri Jan  8 06:06:05 EST 2021 960 reboot
Domain nfs-vm is being rebooted

Fri Jan  8 06:06:51 EST 2021 961 reboot
Domain nfs-vm is being rebooted

Fri Jan  8 06:07:36 EST 2021 962 reboot
Domain nfs-vm is being rebooted

Fri Jan  8 06:08:21 EST 2021 963 reboot
Domain nfs-vm is being rebooted

Fri Jan  8 06:08:42 EST 2021 964 reboot
Domain nfs-vm is being rebooted

Fri Jan  8 06:09:27 EST 2021 965 reboot
Domain nfs-vm is being rebooted

Fri Jan  8 06:09:48 EST 2021 966 reboot
Domain nfs-vm is being rebooted

Fri Jan  8 06:10:12 EST 2021 967 reboot
Domain nfs-vm is being rebooted

Fri Jan  8 06:10:37 EST 2021 968 reboot
Domain nfs-vm is being rebooted

Fri Jan  8 06:11:01 EST 2021 969 reboot
Domain nfs-vm is being rebooted

Fri Jan  8 06:11:46 EST 2021 970 reboot
Domain nfs-vm is being rebooted

Fri Jan  8 06:12:32 EST 2021 971 reboot
Domain nfs-vm is being rebooted

Fri Jan  8 06:12:52 EST 2021 972 reboot
Domain nfs-vm is being rebooted

Fri Jan  8 06:13:14 EST 2021 973 reboot
Domain nfs-vm is being rebooted

Fri Jan  8 06:13:38 EST 2021 974 reboot
Domain nfs-vm is being rebooted

Fri Jan  8 06:14:02 EST 2021 975 reboot
Domain nfs-vm is being rebooted

Fri Jan  8 06:15:52 EST 2021 976 reboot
Domain nfs-vm is being rebooted

Fri Jan  8 06:16:18 EST 2021 977 reboot
Domain nfs-vm is being rebooted

Fri Jan  8 06:16:39 EST 2021 978 reboot
Domain nfs-vm is being rebooted

Fri Jan  8 06:17:25 EST 2021 979 reboot
Domain nfs-vm is being rebooted

Fri Jan  8 06:17:48 EST 2021 980 reboot
Domain nfs-vm is being rebooted

Fri Jan  8 06:18:33 EST 2021 981 reboot
Domain nfs-vm is being rebooted

Fri Jan  8 06:18:57 EST 2021 982 reboot
Domain nfs-vm is being rebooted

Fri Jan  8 06:19:21 EST 2021 983 reboot
Domain nfs-vm is being rebooted

Fri Jan  8 06:19:45 EST 2021 984 reboot
Domain nfs-vm is being rebooted

Fri Jan  8 06:20:05 EST 2021 985 reboot
Domain nfs-vm is being rebooted

Fri Jan  8 06:20:29 EST 2021 986 reboot
Domain nfs-vm is being rebooted

Fri Jan  8 06:20:53 EST 2021 987 reboot
Domain nfs-vm is being rebooted

Fri Jan  8 06:21:39 EST 2021 988 reboot
Domain nfs-vm is being rebooted

Fri Jan  8 06:22:23 EST 2021 989 reboot
Domain nfs-vm is being rebooted

Fri Jan  8 06:22:47 EST 2021 990 reboot
Domain nfs-vm is being rebooted

Fri Jan  8 06:23:11 EST 2021 991 reboot
Domain nfs-vm is being rebooted

Fri Jan  8 06:23:56 EST 2021 992 reboot
Domain nfs-vm is being rebooted

Fri Jan  8 06:24:19 EST 2021 993 reboot
Domain nfs-vm is being rebooted

Fri Jan  8 06:25:05 EST 2021 994 reboot
Domain nfs-vm is being rebooted

Fri Jan  8 06:25:29 EST 2021 995 reboot
Domain nfs-vm is being rebooted

Fri Jan  8 06:25:50 EST 2021 996 reboot
Domain nfs-vm is being rebooted

Fri Jan  8 06:26:10 EST 2021 997 reboot
Domain nfs-vm is being rebooted

Fri Jan  8 06:26:31 EST 2021 998 reboot
Domain nfs-vm is being rebooted

Fri Jan  8 06:26:54 EST 2021 999 reboot
Domain nfs-vm is being rebooted

Fri Jan  8 06:27:15 EST 2021 1000 reboot
Domain nfs-vm is being rebooted

End
